{"level":"info","message":"::1 - - [19/Jun/2017:23:15:23 +0000] \"GET /doadores/json HTTP/1.1\" 304 -\n","timestamp":"2017-06-19T23:15:23.343Z"}
{"level":"info","message":"::1 - - [19/Jun/2017:23:15:30 +0000] \"GET /consulta/doador HTTP/1.1\" 304 -\n","timestamp":"2017-06-19T23:15:30.442Z"}
{"level":"info","message":"::1 - - [19/Jun/2017:23:15:30 +0000] \"GET /doadores HTTP/1.1\" 302 36\n","timestamp":"2017-06-19T23:15:30.692Z"}
{"level":"info","message":"::1 - - [19/Jun/2017:23:15:30 +0000] \"GET /doadores/json HTTP/1.1\" 304 -\n","timestamp":"2017-06-19T23:15:30.729Z"}
{"level":"info","message":"::1 - - [19/Jun/2017:23:15:31 +0000] \"GET /consulta/doador HTTP/1.1\" 304 -\n","timestamp":"2017-06-19T23:15:31.371Z"}
{"level":"info","message":"::1 - - [19/Jun/2017:23:15:31 +0000] \"GET /doadores HTTP/1.1\" 302 36\n","timestamp":"2017-06-19T23:15:31.601Z"}
{"level":"info","message":"::1 - - [19/Jun/2017:23:15:31 +0000] \"GET /doadores/json HTTP/1.1\" 304 -\n","timestamp":"2017-06-19T23:15:31.631Z"}
{"level":"info","message":"::1 - - [19/Jun/2017:23:15:42 +0000] \"GET /consulta/doador HTTP/1.1\" 304 -\n","timestamp":"2017-06-19T23:15:42.622Z"}
{"level":"info","message":"::1 - - [19/Jun/2017:23:15:42 +0000] \"GET /doadores HTTP/1.1\" 302 36\n","timestamp":"2017-06-19T23:15:42.841Z"}
{"level":"info","message":"::1 - - [19/Jun/2017:23:15:42 +0000] \"GET /doadores/json HTTP/1.1\" 304 -\n","timestamp":"2017-06-19T23:15:42.871Z"}
{"level":"info","message":"::1 - - [19/Jun/2017:23:15:43 +0000] \"GET /consulta/doador HTTP/1.1\" 304 -\n","timestamp":"2017-06-19T23:15:43.200Z"}
{"level":"info","message":"::1 - - [19/Jun/2017:23:15:43 +0000] \"GET /doadores HTTP/1.1\" 302 36\n","timestamp":"2017-06-19T23:15:43.440Z"}
{"level":"info","message":"::1 - - [19/Jun/2017:23:15:43 +0000] \"GET /doadores/json HTTP/1.1\" 304 -\n","timestamp":"2017-06-19T23:15:43.471Z"}
{"level":"info","message":"::1 - - [19/Jun/2017:23:15:43 +0000] \"GET /consulta/doador HTTP/1.1\" 304 -\n","timestamp":"2017-06-19T23:15:43.635Z"}
{"level":"info","message":"::1 - - [19/Jun/2017:23:15:43 +0000] \"GET /doadores HTTP/1.1\" 302 36\n","timestamp":"2017-06-19T23:15:43.849Z"}
{"level":"info","message":"::1 - - [19/Jun/2017:23:15:43 +0000] \"GET /doadores/json HTTP/1.1\" 304 -\n","timestamp":"2017-06-19T23:15:43.879Z"}
{"level":"info","message":"::1 - - [19/Jun/2017:23:15:43 +0000] \"GET /consulta/doador HTTP/1.1\" 304 -\n","timestamp":"2017-06-19T23:15:43.945Z"}
{"level":"info","message":"::1 - - [19/Jun/2017:23:15:44 +0000] \"GET /doadores HTTP/1.1\" 302 36\n","timestamp":"2017-06-19T23:15:44.163Z"}
{"level":"info","message":"::1 - - [19/Jun/2017:23:15:44 +0000] \"GET /doadores/json HTTP/1.1\" 304 -\n","timestamp":"2017-06-19T23:15:44.192Z"}
{"level":"info","message":"::1 - - [19/Jun/2017:23:15:44 +0000] \"GET /consulta/doador HTTP/1.1\" 304 -\n","timestamp":"2017-06-19T23:15:44.243Z"}
{"level":"info","message":"::1 - - [19/Jun/2017:23:15:44 +0000] \"GET /doadores HTTP/1.1\" 302 36\n","timestamp":"2017-06-19T23:15:44.460Z"}
{"level":"info","message":"::1 - - [19/Jun/2017:23:15:44 +0000] \"GET /doadores/json HTTP/1.1\" 304 -\n","timestamp":"2017-06-19T23:15:44.493Z"}
{"level":"info","message":"::1 - - [19/Jun/2017:23:15:44 +0000] \"GET /consulta/doador HTTP/1.1\" 304 -\n","timestamp":"2017-06-19T23:15:44.529Z"}
{"level":"info","message":"::1 - - [19/Jun/2017:23:15:44 +0000] \"GET /doadores HTTP/1.1\" 302 36\n","timestamp":"2017-06-19T23:15:44.754Z"}
{"level":"info","message":"::1 - - [19/Jun/2017:23:15:44 +0000] \"GET /doadores/json HTTP/1.1\" 304 -\n","timestamp":"2017-06-19T23:15:44.787Z"}
{"level":"info","message":"::1 - - [19/Jun/2017:23:15:49 +0000] \"GET /consulta/doador HTTP/1.1\" 304 -\n","timestamp":"2017-06-19T23:15:49.282Z"}
{"level":"info","message":"::1 - - [19/Jun/2017:23:15:49 +0000] \"GET /doadores HTTP/1.1\" 302 36\n","timestamp":"2017-06-19T23:15:49.514Z"}
{"level":"info","message":"::1 - - [19/Jun/2017:23:15:49 +0000] \"GET /doadores/json HTTP/1.1\" 304 -\n","timestamp":"2017-06-19T23:15:49.561Z"}
{"level":"info","message":"::1 - - [19/Jun/2017:23:15:49 +0000] \"GET /consulta/doador HTTP/1.1\" 304 -\n","timestamp":"2017-06-19T23:15:49.848Z"}
{"level":"info","message":"::1 - - [19/Jun/2017:23:15:50 +0000] \"GET /doadores HTTP/1.1\" 302 36\n","timestamp":"2017-06-19T23:15:50.041Z"}
{"level":"info","message":"::1 - - [19/Jun/2017:23:15:50 +0000] \"GET /doadores/json HTTP/1.1\" 304 -\n","timestamp":"2017-06-19T23:15:50.068Z"}
{"level":"info","message":"::1 - - [19/Jun/2017:23:15:50 +0000] \"GET /consulta/doador HTTP/1.1\" 304 -\n","timestamp":"2017-06-19T23:15:50.313Z"}
{"level":"info","message":"::1 - - [19/Jun/2017:23:15:50 +0000] \"GET /doadores HTTP/1.1\" 302 36\n","timestamp":"2017-06-19T23:15:50.519Z"}
{"level":"info","message":"::1 - - [19/Jun/2017:23:15:50 +0000] \"GET /doadores/json HTTP/1.1\" 304 -\n","timestamp":"2017-06-19T23:15:50.553Z"}
{"level":"info","message":"::1 - - [19/Jun/2017:23:19:09 +0000] \"GET /consulta/doador HTTP/1.1\" 304 -\n","timestamp":"2017-06-19T23:19:09.664Z"}
{"level":"info","message":"::1 - - [19/Jun/2017:23:19:09 +0000] \"GET /doadores HTTP/1.1\" 302 36\n","timestamp":"2017-06-19T23:19:09.896Z"}
{"level":"info","message":"::1 - - [19/Jun/2017:23:19:09 +0000] \"GET /doadores/json HTTP/1.1\" 304 -\n","timestamp":"2017-06-19T23:19:09.921Z"}
{"level":"info","message":"::1 - - [19/Jun/2017:23:21:17 +0000] \"GET /consulta/doador HTTP/1.1\" 304 -\n","timestamp":"2017-06-19T23:21:17.656Z"}
{"level":"info","message":"::1 - - [19/Jun/2017:23:21:17 +0000] \"GET /doadores HTTP/1.1\" 302 36\n","timestamp":"2017-06-19T23:21:17.821Z"}
{"level":"info","message":"::1 - - [19/Jun/2017:23:21:17 +0000] \"GET /doadores/json HTTP/1.1\" 304 -\n","timestamp":"2017-06-19T23:21:17.860Z"}
{"level":"info","message":"::1 - - [19/Jun/2017:23:21:19 +0000] \"GET /consulta/doador HTTP/1.1\" 304 -\n","timestamp":"2017-06-19T23:21:19.571Z"}
{"level":"info","message":"::1 - - [19/Jun/2017:23:21:19 +0000] \"GET /doadores HTTP/1.1\" 302 36\n","timestamp":"2017-06-19T23:21:19.823Z"}
{"level":"info","message":"::1 - - [19/Jun/2017:23:21:19 +0000] \"GET /doadores/json HTTP/1.1\" 304 -\n","timestamp":"2017-06-19T23:21:19.853Z"}
{"level":"info","message":"::1 - - [19/Jun/2017:23:21:44 +0000] \"GET /consulta/doador HTTP/1.1\" 304 -\n","timestamp":"2017-06-19T23:21:44.904Z"}
{"level":"info","message":"::1 - - [19/Jun/2017:23:21:45 +0000] \"GET /doadores HTTP/1.1\" 302 36\n","timestamp":"2017-06-19T23:21:45.112Z"}
{"level":"info","message":"::1 - - [19/Jun/2017:23:21:45 +0000] \"GET /doadores/json HTTP/1.1\" 304 -\n","timestamp":"2017-06-19T23:21:45.149Z"}
{"level":"info","message":"::1 - - [19/Jun/2017:23:39:39 +0000] \"GET /consulta/doador HTTP/1.1\" 304 -\n","timestamp":"2017-06-19T23:39:39.658Z"}
{"level":"info","message":"::1 - - [19/Jun/2017:23:39:39 +0000] \"GET /doadores HTTP/1.1\" 302 36\n","timestamp":"2017-06-19T23:39:39.844Z"}
{"level":"info","message":"::1 - - [19/Jun/2017:23:39:39 +0000] \"GET /doadores/json HTTP/1.1\" 304 -\n","timestamp":"2017-06-19T23:39:39.868Z"}
{"level":"info","message":"::1 - - [19/Jun/2017:23:45:12 +0000] \"GET /consulta/doador HTTP/1.1\" 304 -\n","timestamp":"2017-06-19T23:45:12.049Z"}
{"level":"info","message":"::1 - - [19/Jun/2017:23:45:12 +0000] \"GET /doadores HTTP/1.1\" 302 36\n","timestamp":"2017-06-19T23:45:12.169Z"}
{"level":"info","message":"::1 - - [19/Jun/2017:23:45:12 +0000] \"GET /doadores/json HTTP/1.1\" 304 -\n","timestamp":"2017-06-19T23:45:12.205Z"}
{"level":"info","message":"::1 - - [19/Jun/2017:23:46:08 +0000] \"GET /consulta/doador HTTP/1.1\" 304 -\n","timestamp":"2017-06-19T23:46:08.313Z"}
{"level":"info","message":"::1 - - [19/Jun/2017:23:46:08 +0000] \"GET /doadores HTTP/1.1\" 302 36\n","timestamp":"2017-06-19T23:46:08.475Z"}
{"level":"info","message":"::1 - - [19/Jun/2017:23:46:08 +0000] \"GET /doadores/json HTTP/1.1\" 304 -\n","timestamp":"2017-06-19T23:46:08.503Z"}
{"level":"info","message":"::1 - - [19/Jun/2017:23:46:08 +0000] \"GET /consulta/doador HTTP/1.1\" 304 -\n","timestamp":"2017-06-19T23:46:08.972Z"}
{"level":"info","message":"::1 - - [19/Jun/2017:23:46:09 +0000] \"GET /doadores HTTP/1.1\" 302 36\n","timestamp":"2017-06-19T23:46:09.071Z"}
{"level":"info","message":"::1 - - [19/Jun/2017:23:46:09 +0000] \"GET /doadores/json HTTP/1.1\" 304 -\n","timestamp":"2017-06-19T23:46:09.087Z"}
{"level":"info","message":"::1 - - [19/Jun/2017:23:46:09 +0000] \"GET /consulta/doador HTTP/1.1\" 304 -\n","timestamp":"2017-06-19T23:46:09.569Z"}
{"level":"info","message":"::1 - - [19/Jun/2017:23:46:09 +0000] \"GET /doadores HTTP/1.1\" 302 36\n","timestamp":"2017-06-19T23:46:09.661Z"}
{"level":"info","message":"::1 - - [19/Jun/2017:23:46:09 +0000] \"GET /doadores/json HTTP/1.1\" 304 -\n","timestamp":"2017-06-19T23:46:09.683Z"}
{"level":"info","message":"::1 - - [19/Jun/2017:23:46:10 +0000] \"GET /consulta/doador HTTP/1.1\" 304 -\n","timestamp":"2017-06-19T23:46:10.625Z"}
{"level":"info","message":"::1 - - [19/Jun/2017:23:46:10 +0000] \"GET /doadores HTTP/1.1\" 302 36\n","timestamp":"2017-06-19T23:46:10.733Z"}
{"level":"info","message":"::1 - - [19/Jun/2017:23:46:10 +0000] \"GET /doadores/json HTTP/1.1\" 304 -\n","timestamp":"2017-06-19T23:46:10.781Z"}
{"level":"info","message":"::1 - - [19/Jun/2017:23:46:32 +0000] \"GET /consulta/doador HTTP/1.1\" 304 -\n","timestamp":"2017-06-19T23:46:32.127Z"}
{"level":"info","message":"::1 - - [19/Jun/2017:23:46:32 +0000] \"GET /doadores HTTP/1.1\" 302 36\n","timestamp":"2017-06-19T23:46:32.304Z"}
{"level":"info","message":"::1 - - [19/Jun/2017:23:46:32 +0000] \"GET /doadores/json HTTP/1.1\" 200 120\n","timestamp":"2017-06-19T23:46:32.339Z"}
{"level":"info","message":"::1 - - [19/Jun/2017:23:46:32 +0000] \"GET /consulta/doador HTTP/1.1\" 304 -\n","timestamp":"2017-06-19T23:46:32.938Z"}
{"level":"info","message":"::1 - - [19/Jun/2017:23:46:33 +0000] \"GET /doadores HTTP/1.1\" 302 36\n","timestamp":"2017-06-19T23:46:33.029Z"}
{"level":"info","message":"::1 - - [19/Jun/2017:23:46:33 +0000] \"GET /doadores/json HTTP/1.1\" 304 -\n","timestamp":"2017-06-19T23:46:33.051Z"}
{"level":"info","message":"::1 - - [19/Jun/2017:23:46:39 +0000] \"GET /consulta/doador HTTP/1.1\" 304 -\n","timestamp":"2017-06-19T23:46:39.974Z"}
{"level":"info","message":"::1 - - [19/Jun/2017:23:46:40 +0000] \"GET /doadores HTTP/1.1\" 302 36\n","timestamp":"2017-06-19T23:46:40.091Z"}
{"level":"info","message":"::1 - - [19/Jun/2017:23:46:40 +0000] \"GET /doadores/json HTTP/1.1\" 200 119\n","timestamp":"2017-06-19T23:46:40.114Z"}
{"level":"info","message":"::1 - - [19/Jun/2017:23:47:12 +0000] \"GET /consulta/doador HTTP/1.1\" 304 -\n","timestamp":"2017-06-19T23:47:12.216Z"}
{"level":"info","message":"::1 - - [19/Jun/2017:23:47:12 +0000] \"GET /doadores HTTP/1.1\" 302 36\n","timestamp":"2017-06-19T23:47:12.401Z"}
{"level":"info","message":"::1 - - [19/Jun/2017:23:47:12 +0000] \"GET /doadores/json HTTP/1.1\" 304 -\n","timestamp":"2017-06-19T23:47:12.437Z"}
{"level":"info","message":"::1 - - [19/Jun/2017:23:49:57 +0000] \"GET /consulta/doador HTTP/1.1\" 304 -\n","timestamp":"2017-06-19T23:49:57.988Z"}
{"level":"info","message":"::1 - - [19/Jun/2017:23:49:58 +0000] \"GET /doadores HTTP/1.1\" 500 2278\n","timestamp":"2017-06-19T23:49:58.189Z"}
{"level":"info","message":"::1 - - [19/Jun/2017:23:50:00 +0000] \"GET /formDoador HTTP/1.1\" 302 76\n","timestamp":"2017-06-19T23:50:00.540Z"}
{"level":"info","message":"::1 - - [19/Jun/2017:23:50:00 +0000] \"GET /cadastro/doador HTTP/1.1\" 304 -\n","timestamp":"2017-06-19T23:50:00.552Z"}
{"level":"info","message":"::1 - - [19/Jun/2017:23:50:02 +0000] \"GET /consultaDoador HTTP/1.1\" 302 76\n","timestamp":"2017-06-19T23:50:02.144Z"}
{"level":"info","message":"::1 - - [19/Jun/2017:23:50:02 +0000] \"GET /consulta/doador HTTP/1.1\" 304 -\n","timestamp":"2017-06-19T23:50:02.156Z"}
{"level":"info","message":"::1 - - [19/Jun/2017:23:50:02 +0000] \"GET /doadores HTTP/1.1\" 500 2278\n","timestamp":"2017-06-19T23:50:02.261Z"}
{"level":"info","message":"::1 - - [19/Jun/2017:23:50:14 +0000] \"GET /consulta/doador HTTP/1.1\" 304 -\n","timestamp":"2017-06-19T23:50:14.648Z"}
{"level":"info","message":"::1 - - [19/Jun/2017:23:50:14 +0000] \"GET /doadores HTTP/1.1\" 500 2278\n","timestamp":"2017-06-19T23:50:14.892Z"}
{"level":"info","message":"::1 - - [19/Jun/2017:23:50:36 +0000] \"GET /consulta/doador HTTP/1.1\" 304 -\n","timestamp":"2017-06-19T23:50:36.280Z"}
{"level":"info","message":"::1 - - [19/Jun/2017:23:50:36 +0000] \"GET /doadores HTTP/1.1\" 500 2278\n","timestamp":"2017-06-19T23:50:36.591Z"}
{"level":"info","message":"::1 - - [19/Jun/2017:23:50:45 +0000] \"GET /consulta/doador HTTP/1.1\" 304 -\n","timestamp":"2017-06-19T23:50:45.794Z"}
{"level":"info","message":"::1 - - [19/Jun/2017:23:50:46 +0000] \"GET /doadores HTTP/1.1\" 500 2278\n","timestamp":"2017-06-19T23:50:46.033Z"}
{"level":"info","message":"::1 - - [19/Jun/2017:23:51:14 +0000] \"GET /consulta/doador HTTP/1.1\" 304 -\n","timestamp":"2017-06-19T23:51:14.528Z"}
{"level":"info","message":"::1 - - [19/Jun/2017:23:51:14 +0000] \"GET /doadores HTTP/1.1\" 500 2278\n","timestamp":"2017-06-19T23:51:14.755Z"}
{"level":"info","message":"::1 - - [19/Jun/2017:23:55:23 +0000] \"GET /consulta/doador HTTP/1.1\" 304 -\n","timestamp":"2017-06-19T23:55:23.920Z"}
{"level":"info","message":"::1 - - [19/Jun/2017:23:55:24 +0000] \"GET /doadores HTTP/1.1\" 500 2278\n","timestamp":"2017-06-19T23:55:24.236Z"}
{"level":"info","message":"::1 - - [19/Jun/2017:23:56:27 +0000] \"GET /consulta/doador HTTP/1.1\" 304 -\n","timestamp":"2017-06-19T23:56:27.058Z"}
{"level":"info","message":"::1 - - [19/Jun/2017:23:57:47 +0000] \"GET /consulta/doador HTTP/1.1\" 304 -\n","timestamp":"2017-06-19T23:57:47.719Z"}
{"level":"info","message":"::1 - - [19/Jun/2017:23:57:48 +0000] \"GET /consulta/doador HTTP/1.1\" 304 -\n","timestamp":"2017-06-19T23:57:48.470Z"}
{"level":"info","message":"::1 - - [19/Jun/2017:23:57:48 +0000] \"GET /doadores HTTP/1.1\" - -\n","timestamp":"2017-06-19T23:57:48.485Z"}
{"level":"info","message":"::1 - - [19/Jun/2017:23:57:49 +0000] \"GET /consulta/doador HTTP/1.1\" 304 -\n","timestamp":"2017-06-19T23:57:49.308Z"}
{"level":"info","message":"::1 - - [19/Jun/2017:23:57:49 +0000] \"GET /doadores HTTP/1.1\" - -\n","timestamp":"2017-06-19T23:57:49.321Z"}
{"level":"info","message":"::1 - - [19/Jun/2017:23:57:49 +0000] \"GET /consulta/doador HTTP/1.1\" 304 -\n","timestamp":"2017-06-19T23:57:49.797Z"}
{"level":"info","message":"::1 - - [19/Jun/2017:23:57:49 +0000] \"GET /doadores HTTP/1.1\" - -\n","timestamp":"2017-06-19T23:57:49.803Z"}
{"level":"info","message":"::1 - - [19/Jun/2017:23:57:50 +0000] \"GET /consulta/doador HTTP/1.1\" 304 -\n","timestamp":"2017-06-19T23:57:50.190Z"}
{"level":"info","message":"::1 - - [19/Jun/2017:23:57:50 +0000] \"GET /doadores HTTP/1.1\" - -\n","timestamp":"2017-06-19T23:57:50.202Z"}
{"level":"info","message":"::1 - - [19/Jun/2017:23:57:50 +0000] \"GET /consulta/doador HTTP/1.1\" 304 -\n","timestamp":"2017-06-19T23:57:50.648Z"}
{"level":"info","message":"::1 - - [19/Jun/2017:23:57:50 +0000] \"GET /doadores HTTP/1.1\" - -\n","timestamp":"2017-06-19T23:57:50.658Z"}
{"level":"info","message":"::1 - - [19/Jun/2017:23:58:02 +0000] \"GET /consulta/doador HTTP/1.1\" 304 -\n","timestamp":"2017-06-19T23:58:02.007Z"}
{"level":"info","message":"::1 - - [19/Jun/2017:23:59:47 +0000] \"GET /consulta/doador HTTP/1.1\" 304 -\n","timestamp":"2017-06-19T23:59:47.626Z"}
{"level":"info","message":"::1 - - [19/Jun/2017:23:59:48 +0000] \"GET /consulta/doador HTTP/1.1\" 304 -\n","timestamp":"2017-06-19T23:59:48.665Z"}
{"level":"info","message":"::1 - - [19/Jun/2017:23:59:48 +0000] \"GET /doadores HTTP/1.1\" - -\n","timestamp":"2017-06-19T23:59:48.680Z"}
{"level":"info","message":"::1 - - [19/Jun/2017:23:59:54 +0000] \"GET /consulta/doador HTTP/1.1\" 304 -\n","timestamp":"2017-06-19T23:59:54.072Z"}
{"level":"info","message":"::1 - - [19/Jun/2017:23:59:55 +0000] \"GET /consulta/doador HTTP/1.1\" 304 -\n","timestamp":"2017-06-19T23:59:55.515Z"}
{"level":"info","message":"::1 - - [19/Jun/2017:23:59:55 +0000] \"GET /doadores HTTP/1.1\" - -\n","timestamp":"2017-06-19T23:59:55.533Z"}
{"level":"info","message":"::1 - - [19/Jun/2017:23:59:56 +0000] \"GET /consulta/doador HTTP/1.1\" 304 -\n","timestamp":"2017-06-19T23:59:56.365Z"}
{"level":"info","message":"::1 - - [19/Jun/2017:23:59:56 +0000] \"GET /doadores HTTP/1.1\" - -\n","timestamp":"2017-06-19T23:59:56.376Z"}
{"level":"info","message":"::1 - - [19/Jun/2017:23:59:57 +0000] \"GET /consulta/doador HTTP/1.1\" 304 -\n","timestamp":"2017-06-19T23:59:57.183Z"}
{"level":"info","message":"::1 - - [19/Jun/2017:23:59:57 +0000] \"GET /doadores HTTP/1.1\" - -\n","timestamp":"2017-06-19T23:59:57.192Z"}
{"level":"info","message":"::1 - - [20/Jun/2017:00:00:05 +0000] \"GET /consulta/doador HTTP/1.1\" 304 -\n","timestamp":"2017-06-20T00:00:05.087Z"}
{"level":"info","message":"::1 - - [20/Jun/2017:00:00:05 +0000] \"GET /doadores HTTP/1.1\" - -\n","timestamp":"2017-06-20T00:00:05.108Z"}
{"level":"info","message":"::1 - - [20/Jun/2017:00:00:31 +0000] \"GET /consulta/doador HTTP/1.1\" 304 -\n","timestamp":"2017-06-20T00:00:31.977Z"}
{"level":"info","message":"::1 - - [20/Jun/2017:00:00:33 +0000] \"GET /consulta/doador HTTP/1.1\" 304 -\n","timestamp":"2017-06-20T00:00:33.369Z"}
{"level":"info","message":"::1 - - [20/Jun/2017:00:00:33 +0000] \"GET /doadores HTTP/1.1\" - -\n","timestamp":"2017-06-20T00:00:33.378Z"}
{"level":"info","message":"::1 - - [20/Jun/2017:00:00:34 +0000] \"GET /consulta/doador HTTP/1.1\" 304 -\n","timestamp":"2017-06-20T00:00:34.078Z"}
{"level":"info","message":"::1 - - [20/Jun/2017:00:00:34 +0000] \"GET /doadores HTTP/1.1\" - -\n","timestamp":"2017-06-20T00:00:34.091Z"}
{"level":"info","message":"::1 - - [20/Jun/2017:00:00:34 +0000] \"GET /consulta/doador HTTP/1.1\" 304 -\n","timestamp":"2017-06-20T00:00:34.558Z"}
{"level":"info","message":"::1 - - [20/Jun/2017:00:00:34 +0000] \"GET /doadores HTTP/1.1\" - -\n","timestamp":"2017-06-20T00:00:34.564Z"}
{"level":"info","message":"::1 - - [20/Jun/2017:00:01:42 +0000] \"GET /consulta/doador HTTP/1.1\" 304 -\n","timestamp":"2017-06-20T00:01:42.919Z"}
{"level":"info","message":"::1 - - [20/Jun/2017:00:01:51 +0000] \"GET /consulta/doador HTTP/1.1\" 304 -\n","timestamp":"2017-06-20T00:01:51.163Z"}
{"level":"info","message":"::1 - - [20/Jun/2017:00:01:51 +0000] \"GET /doadores HTTP/1.1\" - -\n","timestamp":"2017-06-20T00:01:51.179Z"}
{"level":"info","message":"::1 - - [20/Jun/2017:00:02:10 +0000] \"GET /consulta/doador HTTP/1.1\" 304 -\n","timestamp":"2017-06-20T00:02:10.459Z"}
{"level":"info","message":"::1 - - [20/Jun/2017:00:02:16 +0000] \"GET /consulta/doador HTTP/1.1\" 304 -\n","timestamp":"2017-06-20T00:02:17.001Z"}
{"level":"info","message":"::1 - - [20/Jun/2017:00:02:27 +0000] \"GET /consulta/doador HTTP/1.1\" 304 -\n","timestamp":"2017-06-20T00:02:27.060Z"}
{"level":"info","message":"::1 - - [20/Jun/2017:00:02:28 +0000] \"GET /consulta/doador HTTP/1.1\" 304 -\n","timestamp":"2017-06-20T00:02:28.316Z"}
{"level":"info","message":"::1 - - [20/Jun/2017:00:02:28 +0000] \"GET /doadores HTTP/1.1\" - -\n","timestamp":"2017-06-20T00:02:28.331Z"}
{"level":"info","message":"::1 - - [20/Jun/2017:00:02:39 +0000] \"GET /consulta/doador HTTP/1.1\" 304 -\n","timestamp":"2017-06-20T00:02:40.003Z"}
{"level":"info","message":"::1 - - [20/Jun/2017:00:03:08 +0000] \"GET /consulta/doador HTTP/1.1\" 304 -\n","timestamp":"2017-06-20T00:03:08.501Z"}
{"level":"info","message":"::1 - - [20/Jun/2017:00:03:30 +0000] \"GET /consulta/doador HTTP/1.1\" 304 -\n","timestamp":"2017-06-20T00:03:30.176Z"}
{"level":"info","message":"::1 - - [20/Jun/2017:00:03:31 +0000] \"GET /consulta/doador HTTP/1.1\" 304 -\n","timestamp":"2017-06-20T00:03:31.326Z"}
{"level":"info","message":"::1 - - [20/Jun/2017:00:03:31 +0000] \"GET /doadores HTTP/1.1\" - -\n","timestamp":"2017-06-20T00:03:31.350Z"}
{"level":"info","message":"::1 - - [20/Jun/2017:00:03:34 +0000] \"GET /consulta/doador HTTP/1.1\" 304 -\n","timestamp":"2017-06-20T00:03:34.582Z"}
{"level":"info","message":"::1 - - [20/Jun/2017:00:03:34 +0000] \"GET /doadores HTTP/1.1\" - -\n","timestamp":"2017-06-20T00:03:34.600Z"}
{"level":"info","message":"::1 - - [20/Jun/2017:00:03:35 +0000] \"GET /consulta/doador HTTP/1.1\" 304 -\n","timestamp":"2017-06-20T00:03:35.171Z"}
{"level":"info","message":"::1 - - [20/Jun/2017:00:03:35 +0000] \"GET /doadores HTTP/1.1\" - -\n","timestamp":"2017-06-20T00:03:35.178Z"}
{"level":"info","message":"::1 - - [20/Jun/2017:00:03:35 +0000] \"GET /consulta/doador HTTP/1.1\" 304 -\n","timestamp":"2017-06-20T00:03:35.591Z"}
{"level":"info","message":"::1 - - [20/Jun/2017:00:03:35 +0000] \"GET /doadores HTTP/1.1\" - -\n","timestamp":"2017-06-20T00:03:35.606Z"}
{"level":"info","message":"::1 - - [20/Jun/2017:00:03:36 +0000] \"GET /consulta/doador HTTP/1.1\" 304 -\n","timestamp":"2017-06-20T00:03:36.051Z"}
{"level":"info","message":"::1 - - [20/Jun/2017:00:03:36 +0000] \"GET /doadores HTTP/1.1\" - -\n","timestamp":"2017-06-20T00:03:36.062Z"}
{"level":"info","message":"::1 - - [20/Jun/2017:00:03:36 +0000] \"GET /consulta/doador HTTP/1.1\" 304 -\n","timestamp":"2017-06-20T00:03:36.835Z"}
{"level":"info","message":"::1 - - [20/Jun/2017:00:03:36 +0000] \"GET /doadores HTTP/1.1\" - -\n","timestamp":"2017-06-20T00:03:36.851Z"}
{"level":"info","message":"::1 - - [20/Jun/2017:00:03:37 +0000] \"GET /consulta/doador HTTP/1.1\" 304 -\n","timestamp":"2017-06-20T00:03:37.528Z"}
{"level":"info","message":"::1 - - [20/Jun/2017:00:03:37 +0000] \"GET /doadores HTTP/1.1\" - -\n","timestamp":"2017-06-20T00:03:37.544Z"}
{"level":"info","message":"::1 - - [20/Jun/2017:00:03:44 +0000] \"GET /consulta/doador HTTP/1.1\" 304 -\n","timestamp":"2017-06-20T00:03:44.530Z"}
{"level":"info","message":"::1 - - [20/Jun/2017:00:03:44 +0000] \"GET /doadores HTTP/1.1\" - -\n","timestamp":"2017-06-20T00:03:44.547Z"}
{"level":"info","message":"::1 - - [20/Jun/2017:00:03:51 +0000] \"GET /consulta/doador HTTP/1.1\" 304 -\n","timestamp":"2017-06-20T00:03:51.989Z"}
{"level":"info","message":"::1 - - [20/Jun/2017:00:03:52 +0000] \"GET /doadores HTTP/1.1\" - -\n","timestamp":"2017-06-20T00:03:52.007Z"}
{"level":"info","message":"::1 - - [20/Jun/2017:00:03:54 +0000] \"GET /consulta/doador HTTP/1.1\" 304 -\n","timestamp":"2017-06-20T00:03:54.395Z"}
{"level":"info","message":"::1 - - [20/Jun/2017:00:03:54 +0000] \"GET /doadores HTTP/1.1\" - -\n","timestamp":"2017-06-20T00:03:54.415Z"}
{"level":"info","message":"::1 - - [20/Jun/2017:00:03:56 +0000] \"GET /consulta/doador HTTP/1.1\" 304 -\n","timestamp":"2017-06-20T00:03:56.133Z"}
{"level":"info","message":"::1 - - [20/Jun/2017:00:03:56 +0000] \"GET /doadores HTTP/1.1\" - -\n","timestamp":"2017-06-20T00:03:56.143Z"}
{"level":"info","message":"::1 - - [20/Jun/2017:00:04:32 +0000] \"GET /consulta/doador HTTP/1.1\" 304 -\n","timestamp":"2017-06-20T00:04:32.388Z"}
{"level":"info","message":"::1 - - [20/Jun/2017:00:04:36 +0000] \"GET /consulta/doador HTTP/1.1\" 304 -\n","timestamp":"2017-06-20T00:04:36.737Z"}
{"level":"info","message":"::1 - - [20/Jun/2017:00:05:24 +0000] \"GET /consulta/doador HTTP/1.1\" 200 -\n","timestamp":"2017-06-20T00:05:24.834Z"}
{"level":"info","message":"::1 - - [20/Jun/2017:00:05:25 +0000] \"GET /consulta/doador HTTP/1.1\" 200 -\n","timestamp":"2017-06-20T00:05:25.571Z"}
{"level":"info","message":"::1 - - [20/Jun/2017:00:05:25 +0000] \"GET /doadores HTTP/1.1\" - -\n","timestamp":"2017-06-20T00:05:25.583Z"}
{"level":"info","message":"::1 - - [20/Jun/2017:00:05:51 +0000] \"GET /consulta/index HTTP/1.1\" 404 153\n","timestamp":"2017-06-20T00:05:51.116Z"}
{"level":"info","message":"::1 - - [20/Jun/2017:00:05:54 +0000] \"GET /formAcolhido HTTP/1.1\" 302 80\n","timestamp":"2017-06-20T00:05:54.195Z"}
{"level":"info","message":"::1 - - [20/Jun/2017:00:05:54 +0000] \"GET /cadastro/acolhido HTTP/1.1\" 304 -\n","timestamp":"2017-06-20T00:05:54.278Z"}
{"level":"info","message":"::1 - - [20/Jun/2017:00:05:54 +0000] \"GET /doadores HTTP/1.1\" - -\n","timestamp":"2017-06-20T00:05:54.289Z"}
{"level":"info","message":"::1 - - [20/Jun/2017:00:05:57 +0000] \"GET /formDoador HTTP/1.1\" 302 76\n","timestamp":"2017-06-20T00:05:57.809Z"}
{"level":"info","message":"::1 - - [20/Jun/2017:00:05:57 +0000] \"GET /cadastro/doador HTTP/1.1\" 304 -\n","timestamp":"2017-06-20T00:05:57.824Z"}
{"level":"info","message":"::1 - - [20/Jun/2017:00:06:00 +0000] \"GET /consultaDoador HTTP/1.1\" 302 76\n","timestamp":"2017-06-20T00:06:00.035Z"}
{"level":"info","message":"::1 - - [20/Jun/2017:00:06:00 +0000] \"GET /consulta/doador HTTP/1.1\" 304 -\n","timestamp":"2017-06-20T00:06:00.045Z"}
{"level":"info","message":"::1 - - [20/Jun/2017:00:06:50 +0000] \"GET /consulta/doador HTTP/1.1\" 404 154\n","timestamp":"2017-06-20T00:06:50.946Z"}
{"level":"info","message":"::1 - - [20/Jun/2017:00:07:06 +0000] \"GET /consultaDoador HTTP/1.1\" 404 153\n","timestamp":"2017-06-20T00:07:06.892Z"}
{"level":"info","message":"::1 - - [20/Jun/2017:00:07:28 +0000] \"GET /consultaDoador HTTP/1.1\" 302 76\n","timestamp":"2017-06-20T00:07:28.487Z"}
{"level":"info","message":"::1 - - [20/Jun/2017:00:07:28 +0000] \"GET /consulta/doador HTTP/1.1\" 404 154\n","timestamp":"2017-06-20T00:07:28.501Z"}
{"level":"info","message":"::1 - - [20/Jun/2017:00:09:14 +0000] \"GET /consulta/doador HTTP/1.1\" 200 2289\n","timestamp":"2017-06-20T00:09:14.337Z"}
{"level":"info","message":"::1 - - [20/Jun/2017:00:09:14 +0000] \"GET /doadores HTTP/1.1\" 404 147\n","timestamp":"2017-06-20T00:09:14.497Z"}
{"level":"info","message":"::1 - - [20/Jun/2017:00:09:15 +0000] \"GET /consulta/doador HTTP/1.1\" 304 -\n","timestamp":"2017-06-20T00:09:15.310Z"}
{"level":"info","message":"::1 - - [20/Jun/2017:00:09:15 +0000] \"GET /doadores HTTP/1.1\" 404 147\n","timestamp":"2017-06-20T00:09:15.404Z"}
{"level":"info","message":"::1 - - [20/Jun/2017:00:09:29 +0000] \"GET /consulta/doador HTTP/1.1\" 304 -\n","timestamp":"2017-06-20T00:09:29.391Z"}
{"level":"info","message":"::1 - - [20/Jun/2017:00:09:29 +0000] \"GET /doadores HTTP/1.1\" 404 147\n","timestamp":"2017-06-20T00:09:29.559Z"}
{"level":"info","message":"::1 - - [20/Jun/2017:00:09:58 +0000] \"GET /consulta/doador HTTP/1.1\" 304 -\n","timestamp":"2017-06-20T00:09:58.908Z"}
{"level":"info","message":"::1 - - [20/Jun/2017:00:09:59 +0000] \"GET /doadores HTTP/1.1\" 404 147\n","timestamp":"2017-06-20T00:09:59.145Z"}
{"level":"info","message":"::1 - - [20/Jun/2017:00:09:59 +0000] \"GET /consulta/doador HTTP/1.1\" 304 -\n","timestamp":"2017-06-20T00:09:59.889Z"}
{"level":"info","message":"::1 - - [20/Jun/2017:00:09:59 +0000] \"GET /doadores HTTP/1.1\" 404 147\n","timestamp":"2017-06-20T00:09:59.978Z"}
{"level":"info","message":"::1 - - [20/Jun/2017:00:12:02 +0000] \"GET /doadores HTTP/1.1\" - -\n","timestamp":"2017-06-20T00:12:02.609Z"}
{"level":"info","message":"::1 - - [20/Jun/2017:00:12:02 +0000] \"GET /doadores/json HTTP/1.1\" 304 -\n","timestamp":"2017-06-20T00:12:02.626Z"}
{"level":"info","message":"::1 - - [20/Jun/2017:00:12:25 +0000] \"GET /consulta/doador HTTP/1.1\" 304 -\n","timestamp":"2017-06-20T00:12:25.940Z"}
{"level":"info","message":"::1 - - [20/Jun/2017:00:12:25 +0000] \"GET /doadores HTTP/1.1\" - -\n","timestamp":"2017-06-20T00:12:25.959Z"}
{"level":"info","message":"::1 - - [20/Jun/2017:00:12:26 +0000] \"GET /consulta/doador HTTP/1.1\" 304 -\n","timestamp":"2017-06-20T00:12:26.742Z"}
{"level":"info","message":"::1 - - [20/Jun/2017:00:12:26 +0000] \"GET /doadores HTTP/1.1\" - -\n","timestamp":"2017-06-20T00:12:26.752Z"}
{"level":"info","message":"::1 - - [20/Jun/2017:00:12:58 +0000] \"GET /consulta/doador HTTP/1.1\" 304 -\n","timestamp":"2017-06-20T00:12:58.260Z"}
{"level":"info","message":"::1 - - [20/Jun/2017:00:12:58 +0000] \"GET /doadores HTTP/1.1\" 200 119\n","timestamp":"2017-06-20T00:12:58.430Z"}
{"level":"info","message":"::1 - - [20/Jun/2017:00:12:59 +0000] \"GET /consulta/doador HTTP/1.1\" 304 -\n","timestamp":"2017-06-20T00:12:59.108Z"}
{"level":"info","message":"::1 - - [20/Jun/2017:00:12:59 +0000] \"GET /doadores HTTP/1.1\" 304 -\n","timestamp":"2017-06-20T00:12:59.209Z"}
{"level":"info","message":"::1 - - [20/Jun/2017:00:13:00 +0000] \"GET /consulta/doador HTTP/1.1\" 304 -\n","timestamp":"2017-06-20T00:13:00.293Z"}
{"level":"info","message":"::1 - - [20/Jun/2017:00:13:00 +0000] \"GET /doadores HTTP/1.1\" 304 -\n","timestamp":"2017-06-20T00:13:00.441Z"}
{"level":"info","message":"::1 - - [20/Jun/2017:00:13:01 +0000] \"GET /consulta/doador HTTP/1.1\" 304 -\n","timestamp":"2017-06-20T00:13:01.296Z"}
{"level":"info","message":"::1 - - [20/Jun/2017:00:13:01 +0000] \"GET /doadores HTTP/1.1\" 304 -\n","timestamp":"2017-06-20T00:13:01.416Z"}
{"level":"info","message":"::1 - - [20/Jun/2017:00:13:03 +0000] \"GET /consulta/doador HTTP/1.1\" 304 -\n","timestamp":"2017-06-20T00:13:03.554Z"}
{"level":"info","message":"::1 - - [20/Jun/2017:00:13:03 +0000] \"GET /doadores HTTP/1.1\" 304 -\n","timestamp":"2017-06-20T00:13:03.791Z"}
{"level":"info","message":"::1 - - [20/Jun/2017:00:15:00 +0000] \"GET /consulta/doador HTTP/1.1\" 304 -\n","timestamp":"2017-06-20T00:15:00.875Z"}
{"level":"info","message":"::1 - - [20/Jun/2017:00:15:01 +0000] \"GET /doadores HTTP/1.1\" 304 -\n","timestamp":"2017-06-20T00:15:01.054Z"}
{"level":"info","message":"::1 - - [20/Jun/2017:00:25:40 +0000] \"GET /consulta/doador HTTP/1.1\" 304 -\n","timestamp":"2017-06-20T00:25:40.595Z"}
{"level":"info","message":"::1 - - [20/Jun/2017:00:25:40 +0000] \"GET /doadores HTTP/1.1\" 304 -\n","timestamp":"2017-06-20T00:25:40.770Z"}
{"level":"info","message":"::1 - - [20/Jun/2017:00:50:11 +0000] \"GET /consulta/doador HTTP/1.1\" 304 -\n","timestamp":"2017-06-20T00:50:11.066Z"}
{"level":"info","message":"::1 - - [20/Jun/2017:00:50:11 +0000] \"GET /doadores HTTP/1.1\" 304 -\n","timestamp":"2017-06-20T00:50:11.224Z"}
{"level":"info","message":"::1 - - [20/Jun/2017:00:55:38 +0000] \"GET /formAcolhido HTTP/1.1\" 302 80\n","timestamp":"2017-06-20T00:55:38.026Z"}
{"level":"info","message":"::1 - - [20/Jun/2017:00:55:38 +0000] \"GET /cadastro/acolhido HTTP/1.1\" 304 -\n","timestamp":"2017-06-20T00:55:38.033Z"}
{"level":"info","message":"::1 - - [20/Jun/2017:00:55:40 +0000] \"GET /formDoador HTTP/1.1\" 302 76\n","timestamp":"2017-06-20T00:55:40.615Z"}
{"level":"info","message":"::1 - - [20/Jun/2017:00:55:40 +0000] \"GET /cadastro/doador HTTP/1.1\" 304 -\n","timestamp":"2017-06-20T00:55:40.623Z"}
{"level":"info","message":"::1 - - [20/Jun/2017:00:55:42 +0000] \"GET /consultaDoador HTTP/1.1\" 302 76\n","timestamp":"2017-06-20T00:55:42.006Z"}
{"level":"info","message":"::1 - - [20/Jun/2017:00:55:42 +0000] \"GET /consulta/doador HTTP/1.1\" 304 -\n","timestamp":"2017-06-20T00:55:42.015Z"}
{"level":"info","message":"::1 - - [20/Jun/2017:00:55:42 +0000] \"GET /doadores HTTP/1.1\" 304 -\n","timestamp":"2017-06-20T00:55:42.148Z"}
{"level":"info","message":"::1 - - [20/Jun/2017:00:55:43 +0000] \"GET /formAcolhido HTTP/1.1\" 302 80\n","timestamp":"2017-06-20T00:55:43.687Z"}
{"level":"info","message":"::1 - - [20/Jun/2017:00:55:43 +0000] \"GET /cadastro/acolhido HTTP/1.1\" 304 -\n","timestamp":"2017-06-20T00:55:43.705Z"}
{"level":"info","message":"::1 - - [20/Jun/2017:00:55:46 +0000] \"GET /formDoador HTTP/1.1\" 302 76\n","timestamp":"2017-06-20T00:55:46.123Z"}
{"level":"info","message":"::1 - - [20/Jun/2017:00:55:46 +0000] \"GET /cadastro/doador HTTP/1.1\" 304 -\n","timestamp":"2017-06-20T00:55:46.136Z"}
{"level":"info","message":"::1 - - [20/Jun/2017:00:55:47 +0000] \"GET /consultaDoador HTTP/1.1\" 302 76\n","timestamp":"2017-06-20T00:55:47.674Z"}
{"level":"info","message":"::1 - - [20/Jun/2017:00:55:47 +0000] \"GET /consulta/doador HTTP/1.1\" 304 -\n","timestamp":"2017-06-20T00:55:47.685Z"}
{"level":"info","message":"::1 - - [20/Jun/2017:00:55:47 +0000] \"GET /doadores HTTP/1.1\" 304 -\n","timestamp":"2017-06-20T00:55:47.794Z"}
{"level":"info","message":"::1 - - [20/Jun/2017:00:55:52 +0000] \"GET /consultaDoador HTTP/1.1\" 302 76\n","timestamp":"2017-06-20T00:55:52.477Z"}
{"level":"info","message":"::1 - - [20/Jun/2017:00:55:52 +0000] \"GET /consulta/doador HTTP/1.1\" 304 -\n","timestamp":"2017-06-20T00:55:52.486Z"}
{"level":"info","message":"::1 - - [20/Jun/2017:00:55:52 +0000] \"GET /doadores HTTP/1.1\" 304 -\n","timestamp":"2017-06-20T00:55:52.654Z"}
