{"level":"info","message":"::1 - - [29/Jun/2017:03:07:33 +0000] \"GET /acolhidos?timestamp=1498705653180 HTTP/1.1\" 200 114\n","timestamp":"2017-06-29T03:07:33.249Z"}
{"level":"info","message":"::1 - - [29/Jun/2017:03:07:40 +0000] \"GET /contabil?timestamp=1498705660193 HTTP/1.1\" 200 482\n","timestamp":"2017-06-29T03:07:40.224Z"}
{"level":"info","message":"::1 - - [29/Jun/2017:03:07:44 +0000] \"GET /estoque?timestamp=1498705664627 HTTP/1.1\" 200 83\n","timestamp":"2017-06-29T03:07:44.644Z"}
{"level":"info","message":"::1 - - [29/Jun/2017:03:07:45 +0000] \"GET /contabil?timestamp=1498705665916 HTTP/1.1\" 200 482\n","timestamp":"2017-06-29T03:07:45.938Z"}
{"level":"info","message":"::1 - - [29/Jun/2017:03:10:13 +0000] \"GET /acolhidos?timestamp=1498705813870 HTTP/1.1\" 200 114\n","timestamp":"2017-06-29T03:10:13.883Z"}
{"level":"info","message":"::1 - - [29/Jun/2017:03:10:39 +0000] \"GET /acolhidos?timestamp=1498705839198 HTTP/1.1\" 200 114\n","timestamp":"2017-06-29T03:10:39.203Z"}
{"level":"info","message":"::1 - - [29/Jun/2017:03:10:42 +0000] \"GET /doadores?timestamp=1498705842180 HTTP/1.1\" 200 119\n","timestamp":"2017-06-29T03:10:42.186Z"}
{"level":"info","message":"::1 - - [29/Jun/2017:05:05:28 +0000] \"GET / HTTP/1.1\" 302 56\n","timestamp":"2017-06-29T05:05:28.634Z"}
{"level":"info","message":"::1 - - [29/Jun/2017:05:05:28 +0000] \"GET /login HTTP/1.1\" 500 1497\n","timestamp":"2017-06-29T05:05:28.689Z"}
{"level":"info","message":"::1 - - [29/Jun/2017:05:05:57 +0000] \"GET /favicon.ico HTTP/1.1\" 404 150\n","timestamp":"2017-06-29T05:05:57.316Z"}
{"level":"info","message":"::1 - - [29/Jun/2017:05:06:35 +0000] \"GET /acolhidos?timestamp=1498712795551 HTTP/1.1\" 200 114\n","timestamp":"2017-06-29T05:06:35.602Z"}
{"level":"info","message":"::1 - - [29/Jun/2017:05:06:37 +0000] \"GET /doadores?timestamp=1498712797675 HTTP/1.1\" 200 119\n","timestamp":"2017-06-29T05:06:37.692Z"}
{"level":"info","message":"::1 - - [29/Jun/2017:05:06:40 +0000] \"GET /estoque?timestamp=1498712800564 HTTP/1.1\" 200 83\n","timestamp":"2017-06-29T05:06:40.569Z"}
{"level":"info","message":"::1 - - [29/Jun/2017:05:13:24 +0000] \"POST /pagamentos/pagamento HTTP/1.1\" 404 160\n","timestamp":"2017-06-29T05:13:24.350Z"}
{"level":"info","message":"::1 - - [29/Jun/2017:05:18:06 +0000] \"POST /doadores HTTP/1.1\" 500 1467\n","timestamp":"2017-06-29T05:18:06.126Z"}
{"level":"info","message":"::1 - - [29/Jun/2017:05:18:27 +0000] \"POST /doadores HTTP/1.1\" 201 102\n","timestamp":"2017-06-29T05:18:27.177Z"}
{"level":"info","message":"::1 - - [29/Jun/2017:05:18:37 +0000] \"GET /doadores?timestamp=1498713517721 HTTP/1.1\" 200 222\n","timestamp":"2017-06-29T05:18:37.755Z"}
{"level":"info","message":"::1 - - [29/Jun/2017:05:19:00 +0000] \"GET /doadores?timestamp=1498713540767 HTTP/1.1\" 200 105\n","timestamp":"2017-06-29T05:19:00.826Z"}
{"level":"info","message":"::1 - - [29/Jun/2017:05:19:53 +0000] \"GET /doadores?timestamp=1498713593855 HTTP/1.1\" 200 105\n","timestamp":"2017-06-29T05:19:53.878Z"}
{"level":"info","message":"::1 - - [29/Jun/2017:05:20:04 +0000] \"GET /doadores?timestamp=1498713604864 HTTP/1.1\" 200 105\n","timestamp":"2017-06-29T05:20:04.882Z"}
{"level":"info","message":"::1 - - [29/Jun/2017:05:20:18 +0000] \"GET /doadores?timestamp=1498713618022 HTTP/1.1\" 200 105\n","timestamp":"2017-06-29T05:20:18.035Z"}
{"level":"info","message":"::1 - - [29/Jun/2017:05:20:37 +0000] \"GET /doadores?timestamp=1498713637322 HTTP/1.1\" 200 105\n","timestamp":"2017-06-29T05:20:37.326Z"}
{"level":"info","message":"::1 - - [29/Jun/2017:05:20:48 +0000] \"GET /doadores?timestamp=1498713648047 HTTP/1.1\" 200 105\n","timestamp":"2017-06-29T05:20:48.056Z"}
{"level":"info","message":"::1 - - [29/Jun/2017:05:20:49 +0000] \"GET /doadores?timestamp=1498713649525 HTTP/1.1\" 200 105\n","timestamp":"2017-06-29T05:20:49.530Z"}
{"level":"info","message":"::1 - - [29/Jun/2017:05:21:15 +0000] \"GET / HTTP/1.1\" 302 56\n","timestamp":"2017-06-29T05:21:15.983Z"}
{"level":"info","message":"::1 - - [29/Jun/2017:05:21:16 +0000] \"GET /login HTTP/1.1\" 500 1497\n","timestamp":"2017-06-29T05:21:16.043Z"}
{"level":"info","message":"::1 - - [29/Jun/2017:05:21:19 +0000] \"GET /doadores?timestamp=1498713679989 HTTP/1.1\" 200 105\n","timestamp":"2017-06-29T05:21:19.996Z"}
{"level":"info","message":"::1 - - [29/Jun/2017:05:21:43 +0000] \"GET /doadores?timestamp=1498713703229 HTTP/1.1\" 200 105\n","timestamp":"2017-06-29T05:21:43.262Z"}
{"level":"info","message":"::1 - - [29/Jun/2017:05:22:15 +0000] \"POST /doadores HTTP/1.1\" 201 102\n","timestamp":"2017-06-29T05:22:15.701Z"}
{"level":"info","message":"::1 - - [29/Jun/2017:05:22:29 +0000] \"POST /doadores HTTP/1.1\" 201 88\n","timestamp":"2017-06-29T05:22:29.603Z"}
{"level":"info","message":"::1 - - [29/Jun/2017:05:22:32 +0000] \"GET /doadores?timestamp=1498713752614 HTTP/1.1\" 200 297\n","timestamp":"2017-06-29T05:22:32.696Z"}
{"level":"info","message":"::1 - - [29/Jun/2017:05:22:50 +0000] \"GET /doadores?timestamp=1498713770010 HTTP/1.1\" 200 297\n","timestamp":"2017-06-29T05:22:50.029Z"}
{"level":"info","message":"::1 - - [29/Jun/2017:05:22:59 +0000] \"GET /doadores?timestamp=1498713779768 HTTP/1.1\" 200 297\n","timestamp":"2017-06-29T05:22:59.775Z"}
{"level":"info","message":"::1 - - [29/Jun/2017:05:23:11 +0000] \"GET /doadores?timestamp=1498713752614 HTTP/1.1\" 304 -\n","timestamp":"2017-06-29T05:23:11.636Z"}
{"level":"info","message":"::1 - - [29/Jun/2017:05:23:52 +0000] \"GET /doadores?timestamp=1498713752614 HTTP/1.1\" 304 -\n","timestamp":"2017-06-29T05:23:52.934Z"}
{"level":"info","message":"::1 - - [29/Jun/2017:05:24:21 +0000] \"POST /doadores HTTP/1.1\" 201 88\n","timestamp":"2017-06-29T05:24:21.503Z"}
{"level":"info","message":"::1 - - [29/Jun/2017:05:24:23 +0000] \"GET /doadores?timestamp=1498713863839 HTTP/1.1\" 200 386\n","timestamp":"2017-06-29T05:24:23.895Z"}
{"level":"info","message":"::1 - - [29/Jun/2017:05:25:16 +0000] \"GET /doadores?timestamp=1498713916597 HTTP/1.1\" 200 386\n","timestamp":"2017-06-29T05:25:16.604Z"}
{"level":"info","message":"::1 - - [29/Jun/2017:05:25:26 +0000] \"GET /doadores?timestamp=1498713926163 HTTP/1.1\" 200 386\n","timestamp":"2017-06-29T05:25:26.191Z"}
{"level":"info","message":"::1 - - [29/Jun/2017:05:26:02 +0000] \"GET /doadores?timestamp=1498713962334 HTTP/1.1\" 200 386\n","timestamp":"2017-06-29T05:26:02.342Z"}
{"level":"info","message":"::1 - - [29/Jun/2017:05:26:34 +0000] \"POST /doadores HTTP/1.1\" 201 102\n","timestamp":"2017-06-29T05:26:34.960Z"}
{"level":"info","message":"::1 - - [29/Jun/2017:05:26:36 +0000] \"GET /doadores?timestamp=1498713996864 HTTP/1.1\" 200 489\n","timestamp":"2017-06-29T05:26:36.970Z"}
{"level":"info","message":"::1 - - [29/Jun/2017:05:26:46 +0000] \"GET /doadores?timestamp=1498714006773 HTTP/1.1\" 200 489\n","timestamp":"2017-06-29T05:26:46.788Z"}
{"level":"info","message":"::1 - - [29/Jun/2017:05:27:19 +0000] \"GET /doadores?timestamp=1498714039388 HTTP/1.1\" 200 489\n","timestamp":"2017-06-29T05:27:19.394Z"}
{"level":"info","message":"::1 - - [29/Jun/2017:05:28:41 +0000] \"GET /doadores?timestamp=1498714121050 HTTP/1.1\" 200 489\n","timestamp":"2017-06-29T05:28:41.059Z"}
{"level":"info","message":"::1 - - [29/Jun/2017:05:28:46 +0000] \"GET /acolhidos?timestamp=1498714126777 HTTP/1.1\" 200 114\n","timestamp":"2017-06-29T05:28:46.787Z"}
{"level":"info","message":"::1 - - [29/Jun/2017:05:29:01 +0000] \"GET /doadores?timestamp=1498714141276 HTTP/1.1\" 200 489\n","timestamp":"2017-06-29T05:29:01.305Z"}
{"level":"info","message":"::1 - - [29/Jun/2017:05:29:02 +0000] \"GET /acolhidos?timestamp=1498714142905 HTTP/1.1\" 200 114\n","timestamp":"2017-06-29T05:29:02.921Z"}
{"level":"info","message":"::1 - - [29/Jun/2017:05:29:04 +0000] \"GET /doadores?timestamp=1498714144662 HTTP/1.1\" 200 489\n","timestamp":"2017-06-29T05:29:04.693Z"}
{"level":"info","message":"::1 - - [29/Jun/2017:05:31:17 +0000] \"GET /acolhidos?timestamp=1498714277842 HTTP/1.1\" 200 114\n","timestamp":"2017-06-29T05:31:17.903Z"}
{"level":"info","message":"::1 - - [29/Jun/2017:05:31:19 +0000] \"GET /doadores?timestamp=1498714279929 HTTP/1.1\" 200 105\n","timestamp":"2017-06-29T05:31:19.955Z"}
{"level":"info","message":"::1 - - [29/Jun/2017:05:31:46 +0000] \"GET /doadores?timestamp=1498714306700 HTTP/1.1\" 200 105\n","timestamp":"2017-06-29T05:31:46.707Z"}
{"level":"info","message":"::1 - - [29/Jun/2017:05:31:58 +0000] \"GET /acolhidos?timestamp=1498714318784 HTTP/1.1\" 200 114\n","timestamp":"2017-06-29T05:31:58.793Z"}
{"level":"info","message":"::1 - - [29/Jun/2017:05:32:00 +0000] \"GET /doadores?timestamp=1498714320631 HTTP/1.1\" 200 105\n","timestamp":"2017-06-29T05:32:00.652Z"}
{"level":"info","message":"::1 - - [29/Jun/2017:05:32:34 +0000] \"POST /doadores HTTP/1.1\" 201 88\n","timestamp":"2017-06-29T05:32:34.457Z"}
{"level":"info","message":"::1 - - [29/Jun/2017:05:32:42 +0000] \"GET /doadores?timestamp=1498714362344 HTTP/1.1\" 200 194\n","timestamp":"2017-06-29T05:32:42.361Z"}
{"level":"info","message":"::1 - - [29/Jun/2017:11:21:56 +0000] \"GET / HTTP/1.1\" 302 56\n","timestamp":"2017-06-29T11:21:56.391Z"}
{"level":"info","message":"::1 - - [29/Jun/2017:11:21:56 +0000] \"GET /login HTTP/1.1\" 500 1497\n","timestamp":"2017-06-29T11:21:56.404Z"}
{"level":"info","message":"::1 - - [29/Jun/2017:11:22:01 +0000] \"GET /acolhidos?timestamp=1498735321445 HTTP/1.1\" 200 114\n","timestamp":"2017-06-29T11:22:01.466Z"}
{"level":"info","message":"::1 - - [29/Jun/2017:11:22:06 +0000] \"GET /doadores?timestamp=1498735326495 HTTP/1.1\" 200 105\n","timestamp":"2017-06-29T11:22:06.508Z"}
{"level":"info","message":"::1 - - [29/Jun/2017:11:22:11 +0000] \"GET /estoque?timestamp=1498735331553 HTTP/1.1\" 200 83\n","timestamp":"2017-06-29T11:22:11.557Z"}
{"level":"info","message":"::1 - - [29/Jun/2017:11:51:40 +0000] \"GET /acolhidos?timestamp=1498737100141 HTTP/1.1\" 200 114\n","timestamp":"2017-06-29T11:51:40.154Z"}
{"level":"info","message":"::1 - - [29/Jun/2017:11:52:04 +0000] \"GET /doadores?timestamp=1498737124026 HTTP/1.1\" 200 105\n","timestamp":"2017-06-29T11:52:04.051Z"}
{"level":"info","message":"::1 - - [29/Jun/2017:11:52:29 +0000] \"GET /doadores?timestamp=1498737149804 HTTP/1.1\" 200 105\n","timestamp":"2017-06-29T11:52:29.827Z"}
{"level":"info","message":"::1 - - [29/Jun/2017:11:52:38 +0000] \"GET / HTTP/1.1\" 302 56\n","timestamp":"2017-06-29T11:52:38.632Z"}
{"level":"info","message":"::1 - - [29/Jun/2017:11:52:38 +0000] \"GET /login HTTP/1.1\" 500 1497\n","timestamp":"2017-06-29T11:52:38.644Z"}
{"level":"info","message":"::1 - - [29/Jun/2017:11:53:23 +0000] \"GET /doadores?timestamp=1498737203413 HTTP/1.1\" 200 105\n","timestamp":"2017-06-29T11:53:23.438Z"}
{"level":"info","message":"::ffff:127.0.0.1 - - [29/Jun/2017:11:55:39 +0000] \"GET /acolhidos?timestamp=1498737339819 HTTP/1.1\" 200 114\n","timestamp":"2017-06-29T11:55:39.911Z"}
{"level":"info","message":"::1 - - [29/Jun/2017:11:57:10 +0000] \"GET / HTTP/1.1\" 302 56\n","timestamp":"2017-06-29T11:57:10.853Z"}
{"level":"info","message":"::1 - - [29/Jun/2017:11:57:10 +0000] \"GET /login HTTP/1.1\" 500 1497\n","timestamp":"2017-06-29T11:57:10.861Z"}
{"level":"info","message":"::ffff:127.0.0.1 - - [29/Jun/2017:11:57:38 +0000] \"GET /acolhidos?timestamp=1498737458182 HTTP/1.1\" 200 114\n","timestamp":"2017-06-29T11:57:38.215Z"}
{"level":"info","message":"::ffff:127.0.0.1 - - [29/Jun/2017:11:58:14 +0000] \"GET /estoque?timestamp=1498737494193 HTTP/1.1\" 200 83\n","timestamp":"2017-06-29T11:58:14.240Z"}
{"level":"info","message":"::ffff:127.0.0.1 - - [29/Jun/2017:11:58:18 +0000] \"GET /estoque?timestamp=1498737498310 HTTP/1.1\" 200 83\n","timestamp":"2017-06-29T11:58:18.328Z"}
{"level":"info","message":"::ffff:127.0.0.1 - - [29/Jun/2017:11:58:24 +0000] \"GET /acolhidos?timestamp=1498737504334 HTTP/1.1\" 200 114\n","timestamp":"2017-06-29T11:58:24.344Z"}
{"level":"info","message":"::ffff:127.0.0.1 - - [29/Jun/2017:11:58:32 +0000] \"GET /doadores?timestamp=1498737512180 HTTP/1.1\" 200 105\n","timestamp":"2017-06-29T11:58:32.217Z"}
{"level":"info","message":"::1 - - [29/Jun/2017:11:59:03 +0000] \"POST /doadores HTTP/1.1\" 201 88\n","timestamp":"2017-06-29T11:59:03.145Z"}
{"level":"info","message":"::ffff:127.0.0.1 - - [29/Jun/2017:11:59:10 +0000] \"GET /doadores?timestamp=1498737550945 HTTP/1.1\" 200 194\n","timestamp":"2017-06-29T11:59:10.978Z"}
{"level":"info","message":"::ffff:127.0.0.1 - - [29/Jun/2017:11:59:16 +0000] \"GET /acolhidos?timestamp=1498737556891 HTTP/1.1\" 200 114\n","timestamp":"2017-06-29T11:59:16.917Z"}
{"level":"info","message":"::ffff:127.0.0.1 - - [29/Jun/2017:12:00:14 +0000] \"GET /acolhidos?timestamp=1498737614110 HTTP/1.1\" 200 114\n","timestamp":"2017-06-29T12:00:14.139Z"}
{"level":"info","message":"::ffff:127.0.0.1 - - [29/Jun/2017:12:00:47 +0000] \"GET /doadores?timestamp=1498737647876 HTTP/1.1\" 200 194\n","timestamp":"2017-06-29T12:00:47.895Z"}
{"level":"info","message":"::1 - - [29/Jun/2017:12:01:04 +0000] \"POST /doadores HTTP/1.1\" 201 89\n","timestamp":"2017-06-29T12:01:04.639Z"}
{"level":"info","message":"::ffff:127.0.0.1 - - [29/Jun/2017:12:01:09 +0000] \"GET /doadores?timestamp=1498737669169 HTTP/1.1\" 200 284\n","timestamp":"2017-06-29T12:01:09.183Z"}
{"level":"info","message":"::ffff:127.0.0.1 - - [29/Jun/2017:12:01:32 +0000] \"GET /estoque?timestamp=1498737692936 HTTP/1.1\" 200 83\n","timestamp":"2017-06-29T12:01:32.962Z"}
{"level":"info","message":"::1 - - [29/Jun/2017:12:23:00 +0000] \"GET /acolhidos?timestamp=1498738980910 HTTP/1.1\" 200 114\n","timestamp":"2017-06-29T12:23:00.926Z"}
{"level":"info","message":"::1 - - [29/Jun/2017:12:23:21 +0000] \"GET /estoque?timestamp=1498739001465 HTTP/1.1\" 200 83\n","timestamp":"2017-06-29T12:23:21.471Z"}
{"level":"info","message":"::1 - - [29/Jun/2017:12:23:26 +0000] \"GET /doadores?timestamp=1498739006622 HTTP/1.1\" 200 284\n","timestamp":"2017-06-29T12:23:26.639Z"}
{"level":"info","message":"::1 - - [29/Jun/2017:12:23:37 +0000] \"GET /contabil?timestamp=1498739017657 HTTP/1.1\" 200 482\n","timestamp":"2017-06-29T12:23:37.670Z"}
{"level":"info","message":"::1 - - [29/Jun/2017:12:23:40 +0000] \"GET /estoque?timestamp=1498739020766 HTTP/1.1\" 200 83\n","timestamp":"2017-06-29T12:23:40.793Z"}
{"level":"info","message":"::1 - - [29/Jun/2017:12:23:44 +0000] \"GET /doadores?timestamp=1498739024491 HTTP/1.1\" 200 284\n","timestamp":"2017-06-29T12:23:44.515Z"}
{"level":"info","message":"::1 - - [29/Jun/2017:12:23:46 +0000] \"GET /acolhidos?timestamp=1498739026530 HTTP/1.1\" 200 114\n","timestamp":"2017-06-29T12:23:46.545Z"}
{"level":"info","message":"::1 - - [29/Jun/2017:12:25:04 +0000] \"GET /acolhidos?timestamp=1498739104857 HTTP/1.1\" 200 114\n","timestamp":"2017-06-29T12:25:04.869Z"}
{"level":"info","message":"::1 - - [29/Jun/2017:12:25:07 +0000] \"GET /acolhidos?timestamp=1498739107720 HTTP/1.1\" 200 114\n","timestamp":"2017-06-29T12:25:07.724Z"}
{"level":"info","message":"::1 - - [29/Jun/2017:12:30:45 +0000] \"GET /estoque?timestamp=1498739445078 HTTP/1.1\" 200 83\n","timestamp":"2017-06-29T12:30:45.134Z"}
{"level":"info","message":"::1 - - [29/Jun/2017:12:35:43 +0000] \"GET / HTTP/1.1\" 302 56\n","timestamp":"2017-06-29T12:35:43.103Z"}
{"level":"info","message":"::1 - - [29/Jun/2017:12:35:43 +0000] \"GET /login HTTP/1.1\" 500 1497\n","timestamp":"2017-06-29T12:35:43.111Z"}
{"level":"info","message":"::1 - - [29/Jun/2017:12:45:14 +0000] \"GET /acolhidos?timestamp=1498740314202 HTTP/1.1\" 200 114\n","timestamp":"2017-06-29T12:45:14.222Z"}
{"level":"info","message":"::1 - - [29/Jun/2017:12:45:23 +0000] \"GET /doadores?timestamp=1498740323884 HTTP/1.1\" 200 105\n","timestamp":"2017-06-29T12:45:23.888Z"}
{"level":"info","message":"::1 - - [29/Jun/2017:12:46:53 +0000] \"GET /acolhidos?timestamp=1498740413250 HTTP/1.1\" 200 114\n","timestamp":"2017-06-29T12:46:53.267Z"}
{"level":"info","message":"::1 - - [29/Jun/2017:12:46:57 +0000] \"GET /doadores?timestamp=1498740417614 HTTP/1.1\" 200 105\n","timestamp":"2017-06-29T12:46:57.630Z"}
{"level":"info","message":"::1 - - [29/Jun/2017:12:47:00 +0000] \"GET /estoque?timestamp=1498740420443 HTTP/1.1\" 200 83\n","timestamp":"2017-06-29T12:47:00.447Z"}
{"level":"info","message":"::1 - - [29/Jun/2017:12:47:11 +0000] \"GET /acolhidos?timestamp=1498740431833 HTTP/1.1\" 200 114\n","timestamp":"2017-06-29T12:47:11.846Z"}
{"level":"info","message":"::1 - - [29/Jun/2017:12:58:36 +0000] \"GET /uf HTTP/1.1\" 200 91\n","timestamp":"2017-06-29T12:58:36.334Z"}
{"level":"info","message":"::1 - - [29/Jun/2017:12:58:53 +0000] \"GET /uf HTTP/1.1\" 200 91\n","timestamp":"2017-06-29T12:58:53.671Z"}
{"level":"info","message":"::1 - - [29/Jun/2017:12:59:35 +0000] \"GET /uf HTTP/1.1\" 200 91\n","timestamp":"2017-06-29T12:59:35.823Z"}
{"level":"info","message":"::1 - - [29/Jun/2017:13:21:15 +0000] \"GET / HTTP/1.1\" 302 56\n","timestamp":"2017-06-29T13:21:15.120Z"}
{"level":"info","message":"::1 - - [29/Jun/2017:13:21:15 +0000] \"GET /login HTTP/1.1\" 500 1497\n","timestamp":"2017-06-29T13:21:15.127Z"}
{"level":"info","message":"::1 - - [29/Jun/2017:13:21:20 +0000] \"GET /uf?timestamp=1498742479998 HTTP/1.1\" 200 91\n","timestamp":"2017-06-29T13:21:20.008Z"}
{"level":"info","message":"::1 - - [29/Jun/2017:13:22:08 +0000] \"GET /uf?timestamp=1498742528971 HTTP/1.1\" 200 91\n","timestamp":"2017-06-29T13:22:08.980Z"}
{"level":"info","message":"::1 - - [29/Jun/2017:13:22:33 +0000] \"GET /uf?timestamp=1498742553740 HTTP/1.1\" 200 91\n","timestamp":"2017-06-29T13:22:33.768Z"}
{"level":"info","message":"::1 - - [29/Jun/2017:13:22:37 +0000] \"GET /uf?timestamp=1498742557123 HTTP/1.1\" 200 91\n","timestamp":"2017-06-29T13:22:37.127Z"}
{"level":"info","message":"::1 - - [29/Jun/2017:13:24:02 +0000] \"GET /uf?timestamp=1498742642981 HTTP/1.1\" 200 91\n","timestamp":"2017-06-29T13:24:02.986Z"}
{"level":"info","message":"::1 - - [29/Jun/2017:13:24:18 +0000] \"GET /uf?timestamp=1498742658165 HTTP/1.1\" 200 91\n","timestamp":"2017-06-29T13:24:18.189Z"}
{"level":"info","message":"::1 - - [29/Jun/2017:13:24:54 +0000] \"GET /uf?timestamp=1498742694671 HTTP/1.1\" 200 99\n","timestamp":"2017-06-29T13:24:54.798Z"}
{"level":"info","message":"::1 - - [29/Jun/2017:13:25:32 +0000] \"GET /uf?timestamp=1498742732182 HTTP/1.1\" 200 99\n","timestamp":"2017-06-29T13:25:32.199Z"}
{"level":"info","message":"::1 - - [29/Jun/2017:13:26:27 +0000] \"GET /doadores?timestamp=1498742787501 HTTP/1.1\" 200 105\n","timestamp":"2017-06-29T13:26:27.514Z"}
{"level":"info","message":"::1 - - [29/Jun/2017:13:26:39 +0000] \"GET / HTTP/1.1\" 302 56\n","timestamp":"2017-06-29T13:26:39.797Z"}
{"level":"info","message":"::1 - - [29/Jun/2017:13:26:39 +0000] \"GET /login HTTP/1.1\" 500 1497\n","timestamp":"2017-06-29T13:26:39.807Z"}
{"level":"info","message":"::1 - - [29/Jun/2017:13:26:58 +0000] \"GET / HTTP/1.1\" 302 56\n","timestamp":"2017-06-29T13:26:58.565Z"}
{"level":"info","message":"::1 - - [29/Jun/2017:13:26:58 +0000] \"GET /login HTTP/1.1\" 500 1497\n","timestamp":"2017-06-29T13:26:58.592Z"}
{"level":"info","message":"::1 - - [29/Jun/2017:13:27:00 +0000] \"GET /uf HTTP/1.1\" 200 99\n","timestamp":"2017-06-29T13:27:00.481Z"}
{"level":"info","message":"::1 - - [29/Jun/2017:13:27:00 +0000] \"GET /favicon.ico HTTP/1.1\" 404 150\n","timestamp":"2017-06-29T13:27:00.657Z"}
{"level":"info","message":"::1 - - [29/Jun/2017:13:27:06 +0000] \"GET /doadores HTTP/1.1\" 200 105\n","timestamp":"2017-06-29T13:27:06.136Z"}
{"level":"info","message":"::1 - - [29/Jun/2017:13:27:11 +0000] \"GET /estoque HTTP/1.1\" 200 83\n","timestamp":"2017-06-29T13:27:11.732Z"}
{"level":"info","message":"::1 - - [29/Jun/2017:13:27:59 +0000] \"GET / HTTP/1.1\" 302 56\n","timestamp":"2017-06-29T13:27:59.741Z"}
{"level":"info","message":"::1 - - [29/Jun/2017:13:27:59 +0000] \"GET /login HTTP/1.1\" 500 1497\n","timestamp":"2017-06-29T13:27:59.747Z"}
{"level":"info","message":"::1 - - [29/Jun/2017:13:35:52 +0000] \"GET /uf?timestamp=1498743352270 HTTP/1.1\" 200 99\n","timestamp":"2017-06-29T13:35:52.274Z"}
{"level":"info","message":"::1 - - [29/Jun/2017:13:35:59 +0000] \"GET /uf?timestamp=1498743359106 HTTP/1.1\" 200 99\n","timestamp":"2017-06-29T13:35:59.145Z"}
{"level":"info","message":"::1 - - [29/Jun/2017:13:36:05 +0000] \"GET / HTTP/1.1\" 302 56\n","timestamp":"2017-06-29T13:36:05.506Z"}
{"level":"info","message":"::1 - - [29/Jun/2017:13:36:05 +0000] \"GET /login HTTP/1.1\" 500 1497\n","timestamp":"2017-06-29T13:36:05.516Z"}
{"level":"info","message":"::1 - - [29/Jun/2017:13:36:12 +0000] \"GET /uf?timestamp=1498743372614 HTTP/1.1\" 200 99\n","timestamp":"2017-06-29T13:36:12.620Z"}
{"level":"info","message":"::1 - - [29/Jun/2017:13:36:30 +0000] \"GET /uf?timestamp=1498743390559 HTTP/1.1\" 200 99\n","timestamp":"2017-06-29T13:36:30.640Z"}
{"level":"info","message":"::1 - - [29/Jun/2017:13:36:37 +0000] \"GET / HTTP/1.1\" 302 56\n","timestamp":"2017-06-29T13:36:37.993Z"}
{"level":"info","message":"::1 - - [29/Jun/2017:13:36:38 +0000] \"GET /login HTTP/1.1\" 500 1497\n","timestamp":"2017-06-29T13:36:38.015Z"}
{"level":"info","message":"::1 - - [29/Jun/2017:13:36:42 +0000] \"GET /uf?timestamp=1498743402590 HTTP/1.1\" 200 99\n","timestamp":"2017-06-29T13:36:42.624Z"}
{"level":"info","message":"::1 - - [29/Jun/2017:13:37:37 +0000] \"GET /uf?timestamp=1498743457085 HTTP/1.1\" 200 99\n","timestamp":"2017-06-29T13:37:37.102Z"}
{"level":"info","message":"::1 - - [29/Jun/2017:13:39:09 +0000] \"GET /uf?timestamp=1498743549387 HTTP/1.1\" 200 99\n","timestamp":"2017-06-29T13:39:09.410Z"}
{"level":"info","message":"::1 - - [29/Jun/2017:13:39:27 +0000] \"GET /uf?timestamp=1498743567205 HTTP/1.1\" 200 99\n","timestamp":"2017-06-29T13:39:27.229Z"}
{"level":"info","message":"::1 - - [29/Jun/2017:13:40:33 +0000] \"GET /estoque?timestamp=1498743633470 HTTP/1.1\" 200 83\n","timestamp":"2017-06-29T13:40:33.522Z"}
{"level":"info","message":"::1 - - [29/Jun/2017:13:40:34 +0000] \"GET /uf?timestamp=1498743634821 HTTP/1.1\" 200 116\n","timestamp":"2017-06-29T13:40:34.845Z"}
{"level":"info","message":"::1 - - [29/Jun/2017:13:40:44 +0000] \"GET /uf?timestamp=1498743644646 HTTP/1.1\" 200 116\n","timestamp":"2017-06-29T13:40:44.651Z"}
{"level":"info","message":"::1 - - [29/Jun/2017:13:41:44 +0000] \"GET /uf?timestamp=1498743704293 HTTP/1.1\" 200 116\n","timestamp":"2017-06-29T13:41:44.308Z"}
{"level":"info","message":"::1 - - [29/Jun/2017:13:42:33 +0000] \"GET /uf?timestamp=1498743753168 HTTP/1.1\" 200 116\n","timestamp":"2017-06-29T13:42:33.172Z"}
{"level":"info","message":"::1 - - [29/Jun/2017:13:44:04 +0000] \"GET /acolhidos?timestamp=1498743844159 HTTP/1.1\" 200 114\n","timestamp":"2017-06-29T13:44:04.168Z"}
{"level":"info","message":"::1 - - [29/Jun/2017:13:44:05 +0000] \"GET /uf?timestamp=1498743845710 HTTP/1.1\" 200 116\n","timestamp":"2017-06-29T13:44:05.720Z"}
{"level":"info","message":"::1 - - [29/Jun/2017:13:44:09 +0000] \"GET /uf?timestamp=1498743849611 HTTP/1.1\" 200 116\n","timestamp":"2017-06-29T13:44:09.630Z"}
{"level":"info","message":"::1 - - [29/Jun/2017:13:44:19 +0000] \"GET /acolhidos?timestamp=1498743859748 HTTP/1.1\" 200 114\n","timestamp":"2017-06-29T13:44:19.755Z"}
{"level":"info","message":"::1 - - [29/Jun/2017:13:44:40 +0000] \"GET /uf?timestamp=1498743880233 HTTP/1.1\" 200 116\n","timestamp":"2017-06-29T13:44:40.252Z"}
{"level":"info","message":"::1 - - [29/Jun/2017:13:44:46 +0000] \"GET /doadores?timestamp=1498743886077 HTTP/1.1\" 200 105\n","timestamp":"2017-06-29T13:44:46.087Z"}
{"level":"info","message":"::1 - - [29/Jun/2017:13:44:47 +0000] \"GET /contabil?timestamp=1498743887859 HTTP/1.1\" 200 482\n","timestamp":"2017-06-29T13:44:47.865Z"}
{"level":"info","message":"::1 - - [29/Jun/2017:13:44:50 +0000] \"GET /estoque?timestamp=1498743890413 HTTP/1.1\" 200 83\n","timestamp":"2017-06-29T13:44:50.417Z"}
{"level":"info","message":"::1 - - [29/Jun/2017:13:44:53 +0000] \"GET /uf?timestamp=1498743893848 HTTP/1.1\" 200 116\n","timestamp":"2017-06-29T13:44:53.867Z"}
{"level":"info","message":"::1 - - [29/Jun/2017:13:45:28 +0000] \"GET /acolhidos?timestamp=1498743928209 HTTP/1.1\" 200 114\n","timestamp":"2017-06-29T13:45:28.214Z"}
{"level":"info","message":"::1 - - [29/Jun/2017:13:45:29 +0000] \"GET /uf?timestamp=1498743929928 HTTP/1.1\" 200 116\n","timestamp":"2017-06-29T13:45:29.943Z"}
{"level":"info","message":"::1 - - [29/Jun/2017:13:47:33 +0000] \"GET /acolhidos?timestamp=1498744053379 HTTP/1.1\" 200 114\n","timestamp":"2017-06-29T13:47:33.395Z"}
{"level":"info","message":"::1 - - [29/Jun/2017:13:48:34 +0000] \"GET /acolhidos?timestamp=1498744114507 HTTP/1.1\" 200 114\n","timestamp":"2017-06-29T13:48:34.513Z"}
{"level":"info","message":"::1 - - [29/Jun/2017:13:48:36 +0000] \"GET /uf?timestamp=1498744116033 HTTP/1.1\" 200 116\n","timestamp":"2017-06-29T13:48:36.044Z"}
{"level":"info","message":"::1 - - [29/Jun/2017:13:48:37 +0000] \"GET /acolhidos?timestamp=1498744117390 HTTP/1.1\" 200 114\n","timestamp":"2017-06-29T13:48:37.402Z"}
{"level":"info","message":"::1 - - [29/Jun/2017:13:48:38 +0000] \"GET /acolhidos?timestamp=1498744118588 HTTP/1.1\" 200 114\n","timestamp":"2017-06-29T13:48:38.592Z"}
{"level":"info","message":"::1 - - [29/Jun/2017:13:48:44 +0000] \"GET / HTTP/1.1\" 302 56\n","timestamp":"2017-06-29T13:48:44.196Z"}
{"level":"info","message":"::1 - - [29/Jun/2017:13:48:44 +0000] \"GET /login HTTP/1.1\" 500 1497\n","timestamp":"2017-06-29T13:48:44.203Z"}
{"level":"info","message":"::1 - - [29/Jun/2017:13:48:47 +0000] \"GET /uf?timestamp=1498744127543 HTTP/1.1\" 200 116\n","timestamp":"2017-06-29T13:48:47.548Z"}
{"level":"info","message":"::1 - - [29/Jun/2017:13:48:52 +0000] \"GET /acolhidos?timestamp=1498744132215 HTTP/1.1\" 200 114\n","timestamp":"2017-06-29T13:48:52.219Z"}
{"level":"info","message":"::1 - - [29/Jun/2017:13:49:28 +0000] \"GET /uf?timestamp=1498744168034 HTTP/1.1\" 200 116\n","timestamp":"2017-06-29T13:49:28.044Z"}
{"level":"info","message":"::1 - - [29/Jun/2017:13:49:44 +0000] \"GET /uf?timestamp=1498744184107 HTTP/1.1\" 200 116\n","timestamp":"2017-06-29T13:49:44.114Z"}
{"level":"info","message":"::1 - - [29/Jun/2017:13:49:46 +0000] \"GET /doadores?timestamp=1498744186364 HTTP/1.1\" 200 105\n","timestamp":"2017-06-29T13:49:46.367Z"}
{"level":"info","message":"::1 - - [29/Jun/2017:13:49:48 +0000] \"GET /acolhidos?timestamp=1498744187996 HTTP/1.1\" 200 114\n","timestamp":"2017-06-29T13:49:48.009Z"}
{"level":"info","message":"::1 - - [29/Jun/2017:13:54:46 +0000] \"GET /uf?timestamp=1498744486182 HTTP/1.1\" 200 116\n","timestamp":"2017-06-29T13:54:46.187Z"}
{"level":"info","message":"::1 - - [29/Jun/2017:13:54:53 +0000] \"GET / HTTP/1.1\" 302 56\n","timestamp":"2017-06-29T13:54:53.992Z"}
{"level":"info","message":"::1 - - [29/Jun/2017:13:54:53 +0000] \"GET /login HTTP/1.1\" 500 1497\n","timestamp":"2017-06-29T13:54:53.997Z"}
{"level":"info","message":"::1 - - [29/Jun/2017:13:54:57 +0000] \"GET /uf?timestamp=1498744497853 HTTP/1.1\" 200 116\n","timestamp":"2017-06-29T13:54:57.862Z"}
{"level":"info","message":"::1 - - [29/Jun/2017:13:57:50 +0000] \"GET /doadores?timestamp=1498744670498 HTTP/1.1\" 200 105\n","timestamp":"2017-06-29T13:57:50.506Z"}
{"level":"info","message":"::1 - - [29/Jun/2017:13:57:54 +0000] \"GET /uf?timestamp=1498744674380 HTTP/1.1\" 200 116\n","timestamp":"2017-06-29T13:57:54.389Z"}
{"level":"info","message":"::1 - - [29/Jun/2017:14:02:51 +0000] \"GET /acolhidos?timestamp=1498744971090 HTTP/1.1\" 200 114\n","timestamp":"2017-06-29T14:02:51.095Z"}
{"level":"info","message":"::1 - - [29/Jun/2017:14:13:15 +0000] \"GET /uf?timestamp=1498745595390 HTTP/1.1\" 200 116\n","timestamp":"2017-06-29T14:13:15.421Z"}
{"level":"info","message":"::1 - - [29/Jun/2017:14:13:16 +0000] \"GET /acolhidos?timestamp=1498745596755 HTTP/1.1\" 200 114\n","timestamp":"2017-06-29T14:13:16.771Z"}
{"level":"info","message":"::1 - - [29/Jun/2017:14:13:18 +0000] \"GET /uf?timestamp=1498745598710 HTTP/1.1\" 200 116\n","timestamp":"2017-06-29T14:13:18.725Z"}
{"level":"info","message":"::1 - - [29/Jun/2017:14:16:10 +0000] \"GET /uf?timestamp=1498745770182 HTTP/1.1\" 200 116\n","timestamp":"2017-06-29T14:16:10.190Z"}
{"level":"info","message":"::1 - - [01/Jul/2017:18:03:20 +0000] \"GET / HTTP/1.1\" 302 56\n","timestamp":"2017-07-01T18:03:20.768Z"}
{"level":"info","message":"::1 - - [01/Jul/2017:18:03:20 +0000] \"GET /login HTTP/1.1\" 500 1741\n","timestamp":"2017-07-01T18:03:20.796Z"}
{"level":"info","message":"::1 - - [01/Jul/2017:18:03:28 +0000] \"GET /index HTTP/1.1\" 500 1740\n","timestamp":"2017-07-01T18:03:28.325Z"}
{"level":"info","message":"::1 - - [01/Jul/2017:18:12:22 +0000] \"GET /index HTTP/1.1\" 500 1740\n","timestamp":"2017-07-01T18:12:22.576Z"}
{"level":"info","message":"::1 - - [01/Jul/2017:18:12:23 +0000] \"GET /index HTTP/1.1\" 500 1740\n","timestamp":"2017-07-01T18:12:23.449Z"}
{"level":"info","message":"::1 - - [01/Jul/2017:18:12:26 +0000] \"GET / HTTP/1.1\" 302 56\n","timestamp":"2017-07-01T18:12:26.171Z"}
{"level":"info","message":"::1 - - [01/Jul/2017:18:12:26 +0000] \"GET /login HTTP/1.1\" 500 1741\n","timestamp":"2017-07-01T18:12:26.173Z"}
{"level":"info","message":"::1 - - [01/Jul/2017:18:35:05 +0000] \"GET / HTTP/1.1\" 302 56\n","timestamp":"2017-07-01T18:35:05.994Z"}
{"level":"info","message":"::1 - - [01/Jul/2017:18:35:06 +0000] \"GET /login HTTP/1.1\" 500 1319\n","timestamp":"2017-07-01T18:35:06.005Z"}
{"level":"info","message":"::1 - - [01/Jul/2017:18:35:16 +0000] \"GET /login HTTP/1.1\" 500 1319\n","timestamp":"2017-07-01T18:35:16.084Z"}
{"level":"info","message":"::1 - - [01/Jul/2017:18:35:17 +0000] \"GET /login HTTP/1.1\" 500 1319\n","timestamp":"2017-07-01T18:35:17.141Z"}
{"level":"info","message":"::1 - - [01/Jul/2017:23:02:37 +0000] \"GET / HTTP/1.1\" 302 56\n","timestamp":"2017-07-01T23:02:37.050Z"}
{"level":"info","message":"::1 - - [01/Jul/2017:23:02:37 +0000] \"GET /login HTTP/1.1\" 500 1741\n","timestamp":"2017-07-01T23:02:37.061Z"}
{"level":"info","message":"::1 - - [09/Jul/2017:20:35:24 +0000] \"GET / HTTP/1.1\" 302 56\n","timestamp":"2017-07-09T20:35:24.877Z"}
{"level":"info","message":"::1 - - [09/Jul/2017:20:35:24 +0000] \"GET /login HTTP/1.1\" 500 1741\n","timestamp":"2017-07-09T20:35:24.888Z"}
{"level":"info","message":"::1 - - [09/Jul/2017:20:35:24 +0000] \"GET /favicon.ico HTTP/1.1\" 404 150\n","timestamp":"2017-07-09T20:35:24.926Z"}
{"level":"info","message":"::1 - - [12/Jul/2017:23:45:18 +0000] \"GET /uf?timestamp=1499903118455 HTTP/1.1\" 200 116\n","timestamp":"2017-07-12T23:45:18.561Z"}
{"level":"info","message":"::1 - - [13/Jul/2017:00:25:03 +0000] \"GET /contabil?timestamp=1499905503043 HTTP/1.1\" 200 482\n","timestamp":"2017-07-13T00:25:03.064Z"}
{"level":"info","message":"::1 - - [13/Jul/2017:21:18:29 +0000] \"GET /uf?timestamp=1499980709836 HTTP/1.1\" 200 116\n","timestamp":"2017-07-13T21:18:29.875Z"}
{"level":"info","message":"::1 - - [13/Jul/2017:21:18:33 +0000] \"GET /uf?timestamp=1499980713263 HTTP/1.1\" 200 116\n","timestamp":"2017-07-13T21:18:33.271Z"}
{"level":"info","message":"::1 - - [23/Jul/2017:22:13:49 +0000] \"GET /uf?timestamp=1500848029452 HTTP/1.1\" 200 116\n","timestamp":"2017-07-23T22:13:49.507Z"}
{"level":"info","message":"::1 - - [23/Jul/2017:22:14:18 +0000] \"GET /uf?timestamp=1500848058407 HTTP/1.1\" 200 116\n","timestamp":"2017-07-23T22:14:18.435Z"}
{"level":"info","message":"::1 - - [23/Jul/2017:22:15:36 +0000] \"GET /uf?timestamp=1500848136155 HTTP/1.1\" 200 116\n","timestamp":"2017-07-23T22:15:36.166Z"}
{"level":"info","message":"::1 - - [23/Jul/2017:22:15:49 +0000] \"GET /uf?timestamp=1500848149072 HTTP/1.1\" 200 116\n","timestamp":"2017-07-23T22:15:49.100Z"}
{"level":"info","message":"::1 - - [23/Jul/2017:22:16:25 +0000] \"GET /uf?timestamp=1500848185940 HTTP/1.1\" 200 116\n","timestamp":"2017-07-23T22:16:25.944Z"}
{"level":"info","message":"::1 - - [23/Jul/2017:22:17:52 +0000] \"GET /uf?timestamp=1500848272065 HTTP/1.1\" 200 116\n","timestamp":"2017-07-23T22:17:52.071Z"}
{"level":"info","message":"::1 - - [23/Jul/2017:22:18:06 +0000] \"GET /uf?timestamp=1500848286926 HTTP/1.1\" 200 116\n","timestamp":"2017-07-23T22:18:06.930Z"}
{"level":"info","message":"::1 - - [23/Jul/2017:22:19:04 +0000] \"GET /uf?timestamp=1500848344289 HTTP/1.1\" 200 116\n","timestamp":"2017-07-23T22:19:04.352Z"}
{"level":"info","message":"::1 - - [23/Jul/2017:22:20:06 +0000] \"GET /uf?timestamp=1500848406137 HTTP/1.1\" 200 116\n","timestamp":"2017-07-23T22:20:06.153Z"}
{"level":"info","message":"::1 - - [23/Jul/2017:22:20:42 +0000] \"GET /uf?timestamp=1500848442491 HTTP/1.1\" 200 116\n","timestamp":"2017-07-23T22:20:42.519Z"}
{"level":"info","message":"::1 - - [23/Jul/2017:22:24:35 +0000] \"GET /uf?timestamp=1500848675592 HTTP/1.1\" 200 116\n","timestamp":"2017-07-23T22:24:35.599Z"}
{"level":"info","message":"::1 - - [23/Jul/2017:22:24:38 +0000] \"GET /uf?timestamp=1500848678389 HTTP/1.1\" 200 116\n","timestamp":"2017-07-23T22:24:38.392Z"}
{"level":"info","message":"::1 - - [23/Jul/2017:22:31:11 +0000] \"GET /uf?timestamp=1500849071140 HTTP/1.1\" 200 116\n","timestamp":"2017-07-23T22:31:11.145Z"}
{"level":"info","message":"::1 - - [23/Jul/2017:22:34:41 +0000] \"GET /uf?timestamp=1500849281120 HTTP/1.1\" 200 116\n","timestamp":"2017-07-23T22:34:41.125Z"}
{"level":"info","message":"::1 - - [23/Jul/2017:22:34:45 +0000] \"GET /uf?timestamp=1500849285966 HTTP/1.1\" 200 116\n","timestamp":"2017-07-23T22:34:45.969Z"}
{"level":"info","message":"::1 - - [23/Jul/2017:22:35:17 +0000] \"GET /uf?timestamp=1500849317700 HTTP/1.1\" 200 116\n","timestamp":"2017-07-23T22:35:17.705Z"}
{"level":"info","message":"::1 - - [23/Jul/2017:22:35:43 +0000] \"GET /uf?timestamp=1500849343147 HTTP/1.1\" 200 116\n","timestamp":"2017-07-23T22:35:43.149Z"}
{"level":"info","message":"::1 - - [23/Jul/2017:22:35:52 +0000] \"GET /uf?timestamp=1500849352572 HTTP/1.1\" 200 116\n","timestamp":"2017-07-23T22:35:52.575Z"}
{"level":"info","message":"::1 - - [23/Jul/2017:22:36:47 +0000] \"GET /uf?timestamp=1500849407152 HTTP/1.1\" 200 116\n","timestamp":"2017-07-23T22:36:47.161Z"}
{"level":"info","message":"::1 - - [23/Jul/2017:22:38:54 +0000] \"GET /uf?timestamp=1500849534229 HTTP/1.1\" 200 116\n","timestamp":"2017-07-23T22:38:54.232Z"}
{"level":"info","message":"::1 - - [03/Aug/2017:17:34:55 +0000] \"GET /uf?timestamp=1501781695298 HTTP/1.1\" 200 116\n","timestamp":"2017-08-03T17:34:55.366Z"}
{"level":"info","message":"::1 - - [03/Aug/2017:17:36:08 +0000] \"GET /uf?timestamp=1501781768773 HTTP/1.1\" 200 116\n","timestamp":"2017-08-03T17:36:08.802Z"}
{"level":"info","message":"::1 - - [03/Aug/2017:17:38:34 +0000] \"GET /uf?timestamp=1501781914628 HTTP/1.1\" 200 116\n","timestamp":"2017-08-03T17:38:34.661Z"}
{"level":"info","message":"::1 - - [03/Aug/2017:17:38:45 +0000] \"GET /acolhidos?timestamp=1501781925214 HTTP/1.1\" 200 114\n","timestamp":"2017-08-03T17:38:45.218Z"}
{"level":"info","message":"::1 - - [03/Aug/2017:17:38:49 +0000] \"GET /uf?timestamp=1501781929385 HTTP/1.1\" 200 116\n","timestamp":"2017-08-03T17:38:49.388Z"}
{"level":"info","message":"::1 - - [03/Aug/2017:17:38:57 +0000] \"GET /uf?timestamp=1501781937363 HTTP/1.1\" 200 116\n","timestamp":"2017-08-03T17:38:57.367Z"}
{"level":"info","message":"::1 - - [03/Aug/2017:17:40:20 +0000] \"GET /uf?timestamp=1501782020632 HTTP/1.1\" 200 116\n","timestamp":"2017-08-03T17:40:20.635Z"}
{"level":"info","message":"::1 - - [03/Aug/2017:17:40:58 +0000] \"GET /uf?timestamp=1501782058685 HTTP/1.1\" 200 116\n","timestamp":"2017-08-03T17:40:58.686Z"}
{"level":"info","message":"::1 - - [03/Aug/2017:17:41:14 +0000] \"GET /uf?timestamp=1501782074214 HTTP/1.1\" 200 116\n","timestamp":"2017-08-03T17:41:14.216Z"}
{"level":"info","message":"::1 - - [03/Aug/2017:17:51:55 +0000] \"GET /uf?timestamp=1501782715538 HTTP/1.1\" 200 116\n","timestamp":"2017-08-03T17:51:55.580Z"}
{"level":"info","message":"::1 - - [03/Aug/2017:21:47:51 +0000] \"GET /uf?timestamp=1501796871440 HTTP/1.1\" 200 116\n","timestamp":"2017-08-03T21:47:51.476Z"}
{"level":"info","message":"::1 - - [06/Aug/2017:22:15:45 +0000] \"GET /uf?timestamp=1502057745653 HTTP/1.1\" 200 116\n","timestamp":"2017-08-06T22:15:45.681Z"}
{"level":"info","message":"::1 - - [06/Aug/2017:22:16:15 +0000] \"GET /uf?timestamp=1502057775675 HTTP/1.1\" 200 116\n","timestamp":"2017-08-06T22:16:15.696Z"}
{"level":"info","message":"::1 - - [06/Aug/2017:22:16:32 +0000] \"GET /uf?timestamp=1502057792933 HTTP/1.1\" 200 116\n","timestamp":"2017-08-06T22:16:32.944Z"}
{"level":"info","message":"::1 - - [06/Aug/2017:22:16:40 +0000] \"GET /uf?timestamp=1502057800275 HTTP/1.1\" 200 116\n","timestamp":"2017-08-06T22:16:40.280Z"}
{"level":"info","message":"::1 - - [06/Aug/2017:22:17:55 +0000] \"GET /uf?timestamp=1502057875238 HTTP/1.1\" 200 116\n","timestamp":"2017-08-06T22:17:55.245Z"}
{"level":"info","message":"::1 - - [06/Aug/2017:22:18:17 +0000] \"GET /uf?timestamp=1502057897545 HTTP/1.1\" 200 116\n","timestamp":"2017-08-06T22:18:17.548Z"}
{"level":"info","message":"::1 - - [06/Aug/2017:22:18:58 +0000] \"GET /uf?timestamp=1502057938653 HTTP/1.1\" 200 116\n","timestamp":"2017-08-06T22:18:58.658Z"}
{"level":"info","message":"::1 - - [06/Aug/2017:22:19:00 +0000] \"GET /uf?timestamp=1502057940188 HTTP/1.1\" 200 116\n","timestamp":"2017-08-06T22:19:00.192Z"}
{"level":"info","message":"::1 - - [06/Aug/2017:22:19:09 +0000] \"GET /uf?timestamp=1502057949093 HTTP/1.1\" 200 116\n","timestamp":"2017-08-06T22:19:09.098Z"}
{"level":"info","message":"::1 - - [06/Aug/2017:22:19:36 +0000] \"GET /uf?timestamp=1502057976523 HTTP/1.1\" 200 116\n","timestamp":"2017-08-06T22:19:36.527Z"}
{"level":"info","message":"::1 - - [06/Aug/2017:22:21:05 +0000] \"GET /uf?timestamp=1502058065209 HTTP/1.1\" 200 116\n","timestamp":"2017-08-06T22:21:05.217Z"}
{"level":"info","message":"::1 - - [06/Aug/2017:22:21:42 +0000] \"GET /uf?timestamp=1502058102397 HTTP/1.1\" 200 116\n","timestamp":"2017-08-06T22:21:42.402Z"}
{"level":"info","message":"::1 - - [06/Aug/2017:22:21:57 +0000] \"GET /uf?timestamp=1502058117880 HTTP/1.1\" 200 116\n","timestamp":"2017-08-06T22:21:57.874Z"}
{"level":"info","message":"::1 - - [06/Aug/2017:22:22:59 +0000] \"GET /uf?timestamp=1502058179004 HTTP/1.1\" 200 116\n","timestamp":"2017-08-06T22:22:59.007Z"}
{"level":"info","message":"::1 - - [06/Aug/2017:22:23:07 +0000] \"GET /uf?timestamp=1502058187588 HTTP/1.1\" 200 116\n","timestamp":"2017-08-06T22:23:07.595Z"}
{"level":"info","message":"::1 - - [06/Aug/2017:22:24:02 +0000] \"GET /uf?timestamp=1502058242242 HTTP/1.1\" 200 116\n","timestamp":"2017-08-06T22:24:02.245Z"}
{"level":"info","message":"::1 - - [06/Aug/2017:22:24:26 +0000] \"GET /uf?timestamp=1502058266514 HTTP/1.1\" 200 116\n","timestamp":"2017-08-06T22:24:26.520Z"}
{"level":"info","message":"::1 - - [06/Aug/2017:22:24:55 +0000] \"GET /uf?timestamp=1502058295194 HTTP/1.1\" 200 116\n","timestamp":"2017-08-06T22:24:55.199Z"}
{"level":"info","message":"::1 - - [06/Aug/2017:22:25:13 +0000] \"GET /uf?timestamp=1502058313394 HTTP/1.1\" 200 116\n","timestamp":"2017-08-06T22:25:13.398Z"}
{"level":"info","message":"::1 - - [06/Aug/2017:22:25:43 +0000] \"GET /uf?timestamp=1502058343348 HTTP/1.1\" 200 116\n","timestamp":"2017-08-06T22:25:43.359Z"}
{"level":"info","message":"::1 - - [06/Aug/2017:22:25:49 +0000] \"GET /uf?timestamp=1502058349370 HTTP/1.1\" 200 116\n","timestamp":"2017-08-06T22:25:49.381Z"}
{"level":"info","message":"::1 - - [06/Aug/2017:22:27:28 +0000] \"GET /uf?timestamp=1502058448728 HTTP/1.1\" 200 116\n","timestamp":"2017-08-06T22:27:28.731Z"}
{"level":"info","message":"::1 - - [06/Aug/2017:22:30:20 +0000] \"GET /uf?timestamp=1502058620804 HTTP/1.1\" 200 116\n","timestamp":"2017-08-06T22:30:20.807Z"}
{"level":"info","message":"::1 - - [06/Aug/2017:22:31:33 +0000] \"GET /uf?timestamp=1502058693028 HTTP/1.1\" 200 116\n","timestamp":"2017-08-06T22:31:33.034Z"}
{"level":"info","message":"::1 - - [06/Aug/2017:22:32:07 +0000] \"GET /uf?timestamp=1502058727604 HTTP/1.1\" 200 116\n","timestamp":"2017-08-06T22:32:07.610Z"}
{"level":"info","message":"::1 - - [06/Aug/2017:22:32:33 +0000] \"GET /uf?timestamp=1502058753768 HTTP/1.1\" 200 116\n","timestamp":"2017-08-06T22:32:33.775Z"}
{"level":"info","message":"::1 - - [06/Aug/2017:22:33:53 +0000] \"GET /uf?timestamp=1502058833667 HTTP/1.1\" 200 116\n","timestamp":"2017-08-06T22:33:53.677Z"}
{"level":"info","message":"::1 - - [06/Aug/2017:22:34:01 +0000] \"GET /uf?timestamp=1502058841708 HTTP/1.1\" 200 116\n","timestamp":"2017-08-06T22:34:01.720Z"}
{"level":"info","message":"::1 - - [06/Aug/2017:22:34:15 +0000] \"GET /uf?timestamp=1502058855763 HTTP/1.1\" 200 116\n","timestamp":"2017-08-06T22:34:15.784Z"}
{"level":"info","message":"::1 - - [06/Aug/2017:22:34:19 +0000] \"GET /uf?timestamp=1502058859076 HTTP/1.1\" 200 116\n","timestamp":"2017-08-06T22:34:19.092Z"}
{"level":"info","message":"::1 - - [06/Aug/2017:22:34:23 +0000] \"GET /uf?timestamp=1502058863821 HTTP/1.1\" 200 116\n","timestamp":"2017-08-06T22:34:23.848Z"}
{"level":"info","message":"::1 - - [06/Aug/2017:22:34:36 +0000] \"GET /uf?timestamp=1502058876810 HTTP/1.1\" 200 116\n","timestamp":"2017-08-06T22:34:36.816Z"}
{"level":"info","message":"::1 - - [06/Aug/2017:22:35:29 +0000] \"GET /contabil?timestamp=1502058929713 HTTP/1.1\" 200 482\n","timestamp":"2017-08-06T22:35:29.718Z"}
{"level":"info","message":"::1 - - [06/Aug/2017:22:35:44 +0000] \"GET /estoque?timestamp=1502058944083 HTTP/1.1\" 200 83\n","timestamp":"2017-08-06T22:35:44.087Z"}
{"level":"info","message":"::1 - - [06/Aug/2017:22:35:58 +0000] \"GET /contabil?timestamp=1502058958171 HTTP/1.1\" 200 482\n","timestamp":"2017-08-06T22:35:58.174Z"}
{"level":"info","message":"::1 - - [06/Aug/2017:22:36:10 +0000] \"GET /uf?timestamp=1502058970185 HTTP/1.1\" 200 116\n","timestamp":"2017-08-06T22:36:10.188Z"}
{"level":"info","message":"::1 - - [06/Aug/2017:22:36:16 +0000] \"GET /uf?timestamp=1502058976442 HTTP/1.1\" 200 116\n","timestamp":"2017-08-06T22:36:16.444Z"}
{"level":"info","message":"::1 - - [06/Aug/2017:22:36:30 +0000] \"GET /uf?timestamp=1502058990030 HTTP/1.1\" 200 116\n","timestamp":"2017-08-06T22:36:30.034Z"}
{"level":"info","message":"::1 - - [06/Aug/2017:23:16:38 +0000] \"GET /uf?timestamp=1502061398272 HTTP/1.1\" 200 116\n","timestamp":"2017-08-06T23:16:38.276Z"}
{"level":"info","message":"::1 - - [06/Aug/2017:23:23:01 +0000] \"GET /uf?timestamp=1502061781386 HTTP/1.1\" 200 116\n","timestamp":"2017-08-06T23:23:01.391Z"}
{"level":"info","message":"::1 - - [06/Aug/2017:23:23:02 +0000] \"GET /uf?timestamp=1502061782971 HTTP/1.1\" 200 116\n","timestamp":"2017-08-06T23:23:02.975Z"}
{"level":"info","message":"::1 - - [06/Aug/2017:23:23:12 +0000] \"GET /uf?timestamp=1502061792005 HTTP/1.1\" 200 116\n","timestamp":"2017-08-06T23:23:12.019Z"}
{"level":"info","message":"::1 - - [06/Aug/2017:23:23:37 +0000] \"GET /uf?timestamp=1502061817545 HTTP/1.1\" 200 116\n","timestamp":"2017-08-06T23:23:37.548Z"}
{"level":"info","message":"::1 - - [06/Aug/2017:23:24:04 +0000] \"GET /uf?timestamp=1502061844245 HTTP/1.1\" 200 116\n","timestamp":"2017-08-06T23:24:04.249Z"}
{"level":"info","message":"::1 - - [06/Aug/2017:23:24:43 +0000] \"GET /estoque?timestamp=1502061883328 HTTP/1.1\" 200 83\n","timestamp":"2017-08-06T23:24:43.333Z"}
{"level":"info","message":"::1 - - [06/Aug/2017:23:25:00 +0000] \"GET /contabil?timestamp=1502061900236 HTTP/1.1\" 200 482\n","timestamp":"2017-08-06T23:25:00.236Z"}
{"level":"info","message":"::1 - - [06/Aug/2017:23:25:22 +0000] \"GET /estoque?timestamp=1502061922367 HTTP/1.1\" 200 83\n","timestamp":"2017-08-06T23:25:22.372Z"}
{"level":"info","message":"::1 - - [06/Aug/2017:23:26:48 +0000] \"GET /contabil?timestamp=1502062008960 HTTP/1.1\" 200 482\n","timestamp":"2017-08-06T23:26:48.968Z"}
{"level":"info","message":"::1 - - [13/Aug/2017:00:34:19 +0000] \"GET /estoque?timestamp=1502584459755 HTTP/1.1\" 200 83\n","timestamp":"2017-08-13T00:34:19.794Z"}
{"level":"info","message":"::1 - - [13/Aug/2017:00:34:44 +0000] \"GET /estoque?timestamp=1502584484802 HTTP/1.1\" 200 83\n","timestamp":"2017-08-13T00:34:44.829Z"}
{"level":"info","message":"::1 - - [13/Aug/2017:00:35:34 +0000] \"GET /estoque?timestamp=1502584534367 HTTP/1.1\" 200 83\n","timestamp":"2017-08-13T00:35:34.373Z"}
{"level":"info","message":"::1 - - [13/Aug/2017:00:36:27 +0000] \"GET /estoque?timestamp=1502584587505 HTTP/1.1\" 200 83\n","timestamp":"2017-08-13T00:36:27.508Z"}
{"level":"info","message":"::1 - - [13/Aug/2017:00:41:44 +0000] \"GET /estoque?timestamp=1502584903996 HTTP/1.1\" 200 174\n","timestamp":"2017-08-13T00:41:44.046Z"}
{"level":"info","message":"::1 - - [13/Aug/2017:00:42:14 +0000] \"GET /estoque?timestamp=1502584934014 HTTP/1.1\" 200 176\n","timestamp":"2017-08-13T00:42:14.064Z"}
{"level":"info","message":"::1 - - [13/Aug/2017:00:45:24 +0000] \"GET /estoque?timestamp=1502585124341 HTTP/1.1\" 200 278\n","timestamp":"2017-08-13T00:45:24.383Z"}
{"level":"info","message":"::1 - - [13/Aug/2017:00:47:02 +0000] \"GET /estoque?timestamp=1502585222339 HTTP/1.1\" 200 278\n","timestamp":"2017-08-13T00:47:02.349Z"}
{"level":"info","message":"::1 - - [13/Aug/2017:00:47:21 +0000] \"GET /estoque?timestamp=1502585241837 HTTP/1.1\" 200 278\n","timestamp":"2017-08-13T00:47:21.858Z"}
{"level":"info","message":"::1 - - [13/Aug/2017:00:49:47 +0000] \"GET /estoque?timestamp=1502585387154 HTTP/1.1\" 200 278\n","timestamp":"2017-08-13T00:49:47.161Z"}
{"level":"info","message":"::1 - - [13/Aug/2017:00:49:48 +0000] \"GET /estoque?timestamp=1502585388957 HTTP/1.1\" 200 278\n","timestamp":"2017-08-13T00:49:48.961Z"}
{"level":"info","message":"::1 - - [13/Aug/2017:00:50:14 +0000] \"GET /estoque?timestamp=1502585414223 HTTP/1.1\" 200 278\n","timestamp":"2017-08-13T00:50:14.252Z"}
{"level":"info","message":"::1 - - [13/Aug/2017:00:50:32 +0000] \"GET /estoque?timestamp=1502585432422 HTTP/1.1\" 200 278\n","timestamp":"2017-08-13T00:50:32.442Z"}
{"level":"info","message":"::1 - - [13/Aug/2017:00:50:53 +0000] \"GET /estoque?timestamp=1502585453401 HTTP/1.1\" 200 278\n","timestamp":"2017-08-13T00:50:53.410Z"}
{"level":"info","message":"::1 - - [13/Aug/2017:00:51:29 +0000] \"GET /estoque?timestamp=1502585489364 HTTP/1.1\" 200 278\n","timestamp":"2017-08-13T00:51:29.367Z"}
{"level":"info","message":"::1 - - [13/Aug/2017:00:51:58 +0000] \"GET /estoque?timestamp=1502585518139 HTTP/1.1\" 200 278\n","timestamp":"2017-08-13T00:51:58.143Z"}
{"level":"info","message":"::1 - - [13/Aug/2017:00:52:05 +0000] \"GET /estoque?timestamp=1502585525016 HTTP/1.1\" 200 278\n","timestamp":"2017-08-13T00:52:05.020Z"}
{"level":"info","message":"::1 - - [13/Aug/2017:00:52:46 +0000] \"GET /estoque?timestamp=1502585566553 HTTP/1.1\" 200 278\n","timestamp":"2017-08-13T00:52:46.561Z"}
{"level":"info","message":"::1 - - [13/Aug/2017:00:56:26 +0000] \"GET /estoque?timestamp=1502585786484 HTTP/1.1\" 200 278\n","timestamp":"2017-08-13T00:56:26.490Z"}
{"level":"info","message":"::1 - - [13/Aug/2017:00:56:37 +0000] \"GET /estoque?timestamp=1502585797455 HTTP/1.1\" 200 278\n","timestamp":"2017-08-13T00:56:37.461Z"}
{"level":"info","message":"::1 - - [13/Aug/2017:00:59:31 +0000] \"GET /estoque?timestamp=1502585971007 HTTP/1.1\" 200 278\n","timestamp":"2017-08-13T00:59:31.018Z"}
{"level":"info","message":"::1 - - [13/Aug/2017:00:59:43 +0000] \"GET /estoque?timestamp=1502585983086 HTTP/1.1\" 200 278\n","timestamp":"2017-08-13T00:59:43.091Z"}
{"level":"info","message":"::1 - - [13/Aug/2017:01:00:06 +0000] \"GET /estoque?timestamp=1502586006386 HTTP/1.1\" 200 278\n","timestamp":"2017-08-13T01:00:06.392Z"}
{"level":"info","message":"::1 - - [13/Aug/2017:01:08:43 +0000] \"GET /estoque?timestamp=1502586523049 HTTP/1.1\" 200 278\n","timestamp":"2017-08-13T01:08:43.052Z"}
{"level":"info","message":"::1 - - [13/Aug/2017:01:09:20 +0000] \"GET /estoque?timestamp=1502586560316 HTTP/1.1\" 200 278\n","timestamp":"2017-08-13T01:09:20.319Z"}
{"level":"info","message":"::1 - - [13/Aug/2017:01:12:28 +0000] \"GET /estoque?timestamp=1502586748370 HTTP/1.1\" 200 278\n","timestamp":"2017-08-13T01:12:28.376Z"}
{"level":"info","message":"::1 - - [13/Aug/2017:01:12:53 +0000] \"GET /estoque?timestamp=1502586773849 HTTP/1.1\" 200 278\n","timestamp":"2017-08-13T01:12:53.851Z"}
{"level":"info","message":"::1 - - [13/Aug/2017:01:13:10 +0000] \"GET /estoque?timestamp=1502586790024 HTTP/1.1\" 200 278\n","timestamp":"2017-08-13T01:13:10.026Z"}
{"level":"info","message":"::1 - - [13/Aug/2017:01:14:58 +0000] \"GET /estoque?timestamp=1502586898485 HTTP/1.1\" 200 278\n","timestamp":"2017-08-13T01:14:58.489Z"}
{"level":"info","message":"::1 - - [13/Aug/2017:01:15:13 +0000] \"GET /estoque?timestamp=1502586913642 HTTP/1.1\" 200 278\n","timestamp":"2017-08-13T01:15:13.647Z"}
{"level":"info","message":"::1 - - [13/Aug/2017:01:15:47 +0000] \"GET /estoque?timestamp=1502586947939 HTTP/1.1\" 200 278\n","timestamp":"2017-08-13T01:15:47.942Z"}
{"level":"info","message":"::1 - - [13/Aug/2017:01:16:15 +0000] \"GET /estoque?timestamp=1502586975852 HTTP/1.1\" 200 278\n","timestamp":"2017-08-13T01:16:15.854Z"}
{"level":"info","message":"::1 - - [13/Aug/2017:01:17:06 +0000] \"GET /estoque?timestamp=1502587026181 HTTP/1.1\" 200 278\n","timestamp":"2017-08-13T01:17:06.190Z"}
{"level":"info","message":"::1 - - [13/Aug/2017:01:17:44 +0000] \"GET /estoque?timestamp=1502587064136 HTTP/1.1\" 200 278\n","timestamp":"2017-08-13T01:17:44.140Z"}
{"level":"info","message":"::1 - - [13/Aug/2017:01:17:59 +0000] \"GET /estoque?timestamp=1502587079587 HTTP/1.1\" 200 278\n","timestamp":"2017-08-13T01:17:59.589Z"}
{"level":"info","message":"::1 - - [13/Aug/2017:01:18:06 +0000] \"GET /estoque?timestamp=1502587086449 HTTP/1.1\" 200 278\n","timestamp":"2017-08-13T01:18:06.452Z"}
{"level":"info","message":"::1 - - [13/Aug/2017:01:18:37 +0000] \"GET /estoque?timestamp=1502587117626 HTTP/1.1\" 200 278\n","timestamp":"2017-08-13T01:18:37.634Z"}
{"level":"info","message":"::1 - - [13/Aug/2017:01:19:03 +0000] \"GET /estoque?timestamp=1502587143219 HTTP/1.1\" 200 278\n","timestamp":"2017-08-13T01:19:03.222Z"}
{"level":"info","message":"::1 - - [13/Aug/2017:01:19:14 +0000] \"GET /estoque?timestamp=1502587154425 HTTP/1.1\" 200 278\n","timestamp":"2017-08-13T01:19:14.429Z"}
{"level":"info","message":"::1 - - [13/Aug/2017:01:20:44 +0000] \"GET /estoque?timestamp=1502587244736 HTTP/1.1\" 200 278\n","timestamp":"2017-08-13T01:20:44.741Z"}
{"level":"info","message":"::1 - - [13/Aug/2017:01:20:48 +0000] \"GET /estoque?timestamp=1502587248353 HTTP/1.1\" 200 278\n","timestamp":"2017-08-13T01:20:48.357Z"}
{"level":"info","message":"::1 - - [13/Aug/2017:01:20:54 +0000] \"GET /estoque?timestamp=1502587254089 HTTP/1.1\" 200 278\n","timestamp":"2017-08-13T01:20:54.098Z"}
{"level":"info","message":"::1 - - [13/Aug/2017:01:21:16 +0000] \"GET /estoque?timestamp=1502587276542 HTTP/1.1\" 200 278\n","timestamp":"2017-08-13T01:21:16.546Z"}
{"level":"info","message":"::1 - - [13/Aug/2017:01:21:41 +0000] \"GET /estoque?timestamp=1502587301155 HTTP/1.1\" 200 278\n","timestamp":"2017-08-13T01:21:41.159Z"}
{"level":"info","message":"::1 - - [13/Aug/2017:01:27:51 +0000] \"GET /estoque?timestamp=1502587671782 HTTP/1.1\" 200 278\n","timestamp":"2017-08-13T01:27:51.787Z"}
{"level":"info","message":"::1 - - [13/Aug/2017:01:28:40 +0000] \"GET /estoque?timestamp=1502587720787 HTTP/1.1\" 200 278\n","timestamp":"2017-08-13T01:28:40.790Z"}
{"level":"info","message":"::1 - - [13/Aug/2017:01:28:58 +0000] \"GET /estoque?timestamp=1502587738169 HTTP/1.1\" 200 278\n","timestamp":"2017-08-13T01:28:58.172Z"}
{"level":"info","message":"::1 - - [13/Aug/2017:01:29:37 +0000] \"GET /estoque?timestamp=1502587777888 HTTP/1.1\" 200 278\n","timestamp":"2017-08-13T01:29:37.904Z"}
{"level":"info","message":"::1 - - [13/Aug/2017:01:29:46 +0000] \"GET /estoque?timestamp=1502587786470 HTTP/1.1\" 200 278\n","timestamp":"2017-08-13T01:29:46.473Z"}
{"level":"info","message":"::1 - - [13/Aug/2017:01:29:48 +0000] \"GET /estoque?timestamp=1502587788923 HTTP/1.1\" 200 278\n","timestamp":"2017-08-13T01:29:48.926Z"}
{"level":"info","message":"::1 - - [13/Aug/2017:01:29:50 +0000] \"GET /estoque?timestamp=1502587790107 HTTP/1.1\" 200 278\n","timestamp":"2017-08-13T01:29:50.110Z"}
{"level":"info","message":"::1 - - [13/Aug/2017:01:32:45 +0000] \"GET /estoque?timestamp=1502587965710 HTTP/1.1\" 200 278\n","timestamp":"2017-08-13T01:32:45.718Z"}
{"level":"info","message":"::1 - - [13/Aug/2017:01:32:56 +0000] \"GET /estoque?timestamp=1502587976414 HTTP/1.1\" 200 278\n","timestamp":"2017-08-13T01:32:56.417Z"}
{"level":"info","message":"::1 - - [13/Aug/2017:01:33:10 +0000] \"GET /estoque?timestamp=1502587990902 HTTP/1.1\" 200 278\n","timestamp":"2017-08-13T01:33:10.906Z"}
{"level":"info","message":"::1 - - [13/Aug/2017:01:33:21 +0000] \"GET /estoque?timestamp=1502588001547 HTTP/1.1\" 200 278\n","timestamp":"2017-08-13T01:33:21.557Z"}
{"level":"info","message":"::1 - - [13/Aug/2017:01:33:28 +0000] \"GET /estoque?timestamp=1502588008280 HTTP/1.1\" 200 278\n","timestamp":"2017-08-13T01:33:28.287Z"}
{"level":"info","message":"::1 - - [13/Aug/2017:01:33:40 +0000] \"GET /estoque?timestamp=1502588020746 HTTP/1.1\" 200 278\n","timestamp":"2017-08-13T01:33:40.749Z"}
{"level":"info","message":"::1 - - [13/Aug/2017:01:39:00 +0000] \"GET /estoque?timestamp=1502588340411 HTTP/1.1\" 200 278\n","timestamp":"2017-08-13T01:39:00.415Z"}
{"level":"info","message":"::1 - - [13/Aug/2017:01:39:11 +0000] \"GET /estoque?timestamp=1502588351388 HTTP/1.1\" 200 278\n","timestamp":"2017-08-13T01:39:11.392Z"}
{"level":"info","message":"::1 - - [13/Aug/2017:01:39:15 +0000] \"GET /estoque?timestamp=1502588355877 HTTP/1.1\" 200 278\n","timestamp":"2017-08-13T01:39:15.880Z"}
{"level":"info","message":"::1 - - [13/Aug/2017:01:39:20 +0000] \"GET /estoque?timestamp=1502588360702 HTTP/1.1\" 200 278\n","timestamp":"2017-08-13T01:39:20.711Z"}
{"level":"info","message":"::1 - - [13/Aug/2017:01:58:56 +0000] \"GET /estoque?timestamp=1502589536577 HTTP/1.1\" 200 278\n","timestamp":"2017-08-13T01:58:56.584Z"}
{"level":"info","message":"::1 - - [13/Aug/2017:01:59:17 +0000] \"GET /estoque?timestamp=1502589557320 HTTP/1.1\" 200 278\n","timestamp":"2017-08-13T01:59:17.332Z"}
{"level":"info","message":"::1 - - [13/Aug/2017:01:59:35 +0000] \"GET /estoque?timestamp=1502589575878 HTTP/1.1\" 200 278\n","timestamp":"2017-08-13T01:59:35.881Z"}
{"level":"info","message":"::1 - - [13/Aug/2017:02:00:07 +0000] \"GET /estoque?timestamp=1502589607593 HTTP/1.1\" 200 278\n","timestamp":"2017-08-13T02:00:07.598Z"}
{"level":"info","message":"::1 - - [13/Aug/2017:02:00:25 +0000] \"GET /estoque?timestamp=1502589625311 HTTP/1.1\" 200 278\n","timestamp":"2017-08-13T02:00:25.314Z"}
{"level":"info","message":"::1 - - [13/Aug/2017:02:00:36 +0000] \"GET /estoque?timestamp=1502589636318 HTTP/1.1\" 200 278\n","timestamp":"2017-08-13T02:00:36.321Z"}
{"level":"info","message":"::1 - - [13/Aug/2017:02:01:13 +0000] \"GET /estoque?timestamp=1502589673552 HTTP/1.1\" 200 278\n","timestamp":"2017-08-13T02:01:13.553Z"}
{"level":"info","message":"::1 - - [13/Aug/2017:02:01:19 +0000] \"GET /estoque?timestamp=1502589679425 HTTP/1.1\" 200 278\n","timestamp":"2017-08-13T02:01:19.430Z"}
{"level":"info","message":"::1 - - [13/Aug/2017:02:02:32 +0000] \"GET /estoque?timestamp=1502589752430 HTTP/1.1\" 200 278\n","timestamp":"2017-08-13T02:02:32.434Z"}
{"level":"info","message":"::1 - - [13/Aug/2017:02:02:41 +0000] \"GET /estoque?timestamp=1502589761970 HTTP/1.1\" 200 278\n","timestamp":"2017-08-13T02:02:41.974Z"}
{"level":"info","message":"::1 - - [13/Aug/2017:02:03:10 +0000] \"GET /estoque?timestamp=1502589790976 HTTP/1.1\" 200 278\n","timestamp":"2017-08-13T02:03:10.986Z"}
{"level":"info","message":"::1 - - [13/Aug/2017:02:03:24 +0000] \"GET /estoque?timestamp=1502589804347 HTTP/1.1\" 200 278\n","timestamp":"2017-08-13T02:03:24.351Z"}
{"level":"info","message":"::1 - - [13/Aug/2017:02:12:10 +0000] \"GET /estoque?timestamp=1502590330037 HTTP/1.1\" 200 278\n","timestamp":"2017-08-13T02:12:10.041Z"}
{"level":"info","message":"::1 - - [13/Aug/2017:02:12:12 +0000] \"GET /estoque?timestamp=1502590332691 HTTP/1.1\" 200 278\n","timestamp":"2017-08-13T02:12:12.693Z"}
{"level":"info","message":"::1 - - [13/Aug/2017:02:12:13 +0000] \"GET /estoque?timestamp=1502590333625 HTTP/1.1\" 200 278\n","timestamp":"2017-08-13T02:12:13.627Z"}
{"level":"info","message":"::1 - - [13/Aug/2017:02:12:14 +0000] \"GET /estoque?timestamp=1502590334355 HTTP/1.1\" 200 278\n","timestamp":"2017-08-13T02:12:14.357Z"}
{"level":"info","message":"::1 - - [13/Aug/2017:02:12:14 +0000] \"GET /estoque?timestamp=1502590334777 HTTP/1.1\" 200 278\n","timestamp":"2017-08-13T02:12:14.782Z"}
{"level":"info","message":"::1 - - [13/Aug/2017:02:12:15 +0000] \"GET /estoque?timestamp=1502590335838 HTTP/1.1\" 200 278\n","timestamp":"2017-08-13T02:12:15.842Z"}
{"level":"info","message":"::1 - - [13/Aug/2017:02:12:36 +0000] \"GET /estoque?timestamp=1502590356662 HTTP/1.1\" 200 278\n","timestamp":"2017-08-13T02:12:36.668Z"}
{"level":"info","message":"::1 - - [13/Aug/2017:02:12:57 +0000] \"GET /estoque?timestamp=1502590377869 HTTP/1.1\" 200 278\n","timestamp":"2017-08-13T02:12:57.873Z"}
{"level":"info","message":"::1 - - [13/Aug/2017:02:15:23 +0000] \"GET /estoque?timestamp=1502590523995 HTTP/1.1\" 200 278\n","timestamp":"2017-08-13T02:15:23.998Z"}
{"level":"info","message":"::1 - - [14/Aug/2017:23:40:07 +0000] \"GET /estoque?timestamp=1502754006927 HTTP/1.1\" 200 278\n","timestamp":"2017-08-14T23:40:07.006Z"}
{"level":"info","message":"::1 - - [14/Aug/2017:23:41:05 +0000] \"GET /estoque?timestamp=1502754065620 HTTP/1.1\" 200 278\n","timestamp":"2017-08-14T23:41:05.654Z"}
{"level":"info","message":"::1 - - [14/Aug/2017:23:41:39 +0000] \"GET /estoque?timestamp=1502754099466 HTTP/1.1\" 200 278\n","timestamp":"2017-08-14T23:41:39.473Z"}
{"level":"info","message":"::1 - - [14/Aug/2017:23:41:52 +0000] \"GET /estoque?timestamp=1502754112619 HTTP/1.1\" 200 278\n","timestamp":"2017-08-14T23:41:52.628Z"}
{"level":"info","message":"::1 - - [14/Aug/2017:23:42:07 +0000] \"GET /estoque?timestamp=1502754127375 HTTP/1.1\" 200 278\n","timestamp":"2017-08-14T23:42:07.379Z"}
{"level":"info","message":"::1 - - [14/Aug/2017:23:42:22 +0000] \"GET /estoque?timestamp=1502754142365 HTTP/1.1\" 200 278\n","timestamp":"2017-08-14T23:42:22.369Z"}
{"level":"info","message":"::1 - - [14/Aug/2017:23:45:48 +0000] \"GET /estoque?timestamp=1502754348901 HTTP/1.1\" 200 278\n","timestamp":"2017-08-14T23:45:48.918Z"}
{"level":"info","message":"::1 - - [14/Aug/2017:23:47:12 +0000] \"GET /estoque?timestamp=1502754432017 HTTP/1.1\" 200 278\n","timestamp":"2017-08-14T23:47:12.025Z"}
{"level":"info","message":"::1 - - [14/Aug/2017:23:56:09 +0000] \"GET /estoque?timestamp=1502754969203 HTTP/1.1\" 200 278\n","timestamp":"2017-08-14T23:56:09.211Z"}
{"level":"info","message":"::1 - - [21/Aug/2017:18:44:39 +0000] \"GET /uf?timestamp=1503341079604 HTTP/1.1\" 200 116\n","timestamp":"2017-08-21T18:44:39.660Z"}
{"level":"info","message":"::1 - - [21/Aug/2017:18:44:50 +0000] \"GET /acolhidos?timestamp=1503341090329 HTTP/1.1\" 200 114\n","timestamp":"2017-08-21T18:44:50.363Z"}
{"level":"info","message":"::1 - - [21/Aug/2017:18:44:57 +0000] \"GET /uf?timestamp=1503341097838 HTTP/1.1\" 200 116\n","timestamp":"2017-08-21T18:44:57.849Z"}
{"level":"info","message":"::1 - - [21/Aug/2017:18:45:11 +0000] \"GET /estoque?timestamp=1503341111541 HTTP/1.1\" 200 278\n","timestamp":"2017-08-21T18:45:11.545Z"}
{"level":"info","message":"::1 - - [21/Aug/2017:18:45:27 +0000] \"GET /contabil?timestamp=1503341127491 HTTP/1.1\" 200 482\n","timestamp":"2017-08-21T18:45:27.516Z"}
{"level":"info","message":"::1 - - [21/Aug/2017:18:53:33 +0000] \"GET /acolhidos?timestamp=1503341613182 HTTP/1.1\" 200 114\n","timestamp":"2017-08-21T18:53:33.190Z"}
{"level":"info","message":"::1 - - [21/Aug/2017:18:55:45 +0000] \"GET /acolhidos?timestamp=1503341745916 HTTP/1.1\" 200 114\n","timestamp":"2017-08-21T18:55:45.921Z"}
{"level":"info","message":"::1 - - [21/Aug/2017:18:55:49 +0000] \"GET /acolhidos?timestamp=1503341749023 HTTP/1.1\" 200 114\n","timestamp":"2017-08-21T18:55:49.024Z"}
{"level":"info","message":"::1 - - [21/Aug/2017:18:56:40 +0000] \"GET /acolhidos?timestamp=1503341800729 HTTP/1.1\" 200 114\n","timestamp":"2017-08-21T18:56:40.734Z"}
{"level":"info","message":"::1 - - [21/Aug/2017:18:57:09 +0000] \"GET /acolhidos?timestamp=1503341829935 HTTP/1.1\" 200 114\n","timestamp":"2017-08-21T18:57:09.938Z"}
{"level":"info","message":"::1 - - [21/Aug/2017:18:57:12 +0000] \"GET /acolhidos/pia/undefined?timestamp=1503341832143 HTTP/1.1\" 404 162\n","timestamp":"2017-08-21T18:57:12.149Z"}
{"level":"info","message":"::1 - - [21/Aug/2017:18:59:14 +0000] \"GET /acolhidos/pia/undefined?timestamp=1503341954734 HTTP/1.1\" 404 162\n","timestamp":"2017-08-21T18:59:14.739Z"}
{"level":"info","message":"::1 - - [21/Aug/2017:19:00:18 +0000] \"GET /acolhidos?timestamp=1503342018478 HTTP/1.1\" 200 114\n","timestamp":"2017-08-21T19:00:18.482Z"}
{"level":"info","message":"::1 - - [21/Aug/2017:19:00:25 +0000] \"GET /acolhidos?timestamp=1503342025956 HTTP/1.1\" 200 114\n","timestamp":"2017-08-21T19:00:25.958Z"}
{"level":"info","message":"::1 - - [21/Aug/2017:19:08:43 +0000] \"GET /acolhidos?timestamp=1503342523148 HTTP/1.1\" 200 114\n","timestamp":"2017-08-21T19:08:43.153Z"}
{"level":"info","message":"::1 - - [21/Aug/2017:19:09:13 +0000] \"GET /acolhidos?timestamp=1503342553403 HTTP/1.1\" 200 121\n","timestamp":"2017-08-21T19:09:13.455Z"}
{"level":"info","message":"::1 - - [21/Aug/2017:19:09:15 +0000] \"GET /acolhidos/pia/1?timestamp=1503342555264 HTTP/1.1\" 404 154\n","timestamp":"2017-08-21T19:09:15.276Z"}
{"level":"info","message":"::1 - - [21/Aug/2017:19:10:14 +0000] \"GET /acolhidos/pia/1?timestamp=1503342614191 HTTP/1.1\" 404 154\n","timestamp":"2017-08-21T19:10:14.233Z"}
{"level":"info","message":"::1 - - [21/Aug/2017:19:10:20 +0000] \"GET /acolhidos?timestamp=1503342620196 HTTP/1.1\" 200 121\n","timestamp":"2017-08-21T19:10:20.214Z"}
{"level":"info","message":"::1 - - [21/Aug/2017:19:10:29 +0000] \"GET /acolhidos/pia/1?timestamp=1503342629772 HTTP/1.1\" 404 154\n","timestamp":"2017-08-21T19:10:29.798Z"}
{"level":"info","message":"::1 - - [21/Aug/2017:19:15:51 +0000] \"GET /acolhidos/pia/1?timestamp=1503342951942 HTTP/1.1\" 404 154\n","timestamp":"2017-08-21T19:15:51.955Z"}
{"level":"info","message":"::1 - - [21/Aug/2017:19:15:57 +0000] \"GET /acolhidos?timestamp=1503342957812 HTTP/1.1\" 200 121\n","timestamp":"2017-08-21T19:15:57.819Z"}
{"level":"info","message":"::1 - - [21/Aug/2017:19:16:17 +0000] \"GET /acolhidos?timestamp=1503342977880 HTTP/1.1\" 200 121\n","timestamp":"2017-08-21T19:16:17.886Z"}
{"level":"info","message":"::1 - - [21/Aug/2017:19:16:21 +0000] \"GET /acolhidos?timestamp=1503342981474 HTTP/1.1\" 200 121\n","timestamp":"2017-08-21T19:16:21.477Z"}
{"level":"info","message":"::1 - - [21/Aug/2017:19:17:12 +0000] \"GET /acolhidos?timestamp=1503343032670 HTTP/1.1\" 200 121\n","timestamp":"2017-08-21T19:17:12.677Z"}
{"level":"info","message":"::1 - - [21/Aug/2017:19:17:34 +0000] \"GET /acolhidos?timestamp=1503343054015 HTTP/1.1\" 200 121\n","timestamp":"2017-08-21T19:17:34.025Z"}
{"level":"info","message":"::1 - - [21/Aug/2017:19:17:35 +0000] \"GET /acolhidos/pia/1?timestamp=1503343055420 HTTP/1.1\" 404 154\n","timestamp":"2017-08-21T19:17:35.423Z"}
{"level":"info","message":"::1 - - [21/Aug/2017:19:18:52 +0000] \"GET /acolhidos/pia/1?timestamp=1503343132678 HTTP/1.1\" 404 154\n","timestamp":"2017-08-21T19:18:52.686Z"}
{"level":"info","message":"::1 - - [21/Aug/2017:19:19:03 +0000] \"GET /acolhidos?timestamp=1503343143526 HTTP/1.1\" 200 121\n","timestamp":"2017-08-21T19:19:03.530Z"}
{"level":"info","message":"::1 - - [21/Aug/2017:19:19:06 +0000] \"GET /acolhidos/pia/1?timestamp=1503343146646 HTTP/1.1\" 404 154\n","timestamp":"2017-08-21T19:19:06.649Z"}
{"level":"info","message":"::1 - - [21/Aug/2017:19:20:08 +0000] \"GET /acolhidos/pia/1?timestamp=1503343208907 HTTP/1.1\" 404 154\n","timestamp":"2017-08-21T19:20:08.913Z"}
{"level":"info","message":"::1 - - [21/Aug/2017:19:20:14 +0000] \"GET /acolhidos?timestamp=1503343214173 HTTP/1.1\" 200 121\n","timestamp":"2017-08-21T19:20:14.180Z"}
{"level":"info","message":"::1 - - [21/Aug/2017:19:20:16 +0000] \"GET /doadores?timestamp=1503343216343 HTTP/1.1\" 200 112\n","timestamp":"2017-08-21T19:20:16.347Z"}
{"level":"info","message":"::1 - - [21/Aug/2017:19:21:21 +0000] \"GET /doadores?timestamp=1503343281067 HTTP/1.1\" 200 112\n","timestamp":"2017-08-21T19:21:21.074Z"}
{"level":"info","message":"::1 - - [21/Aug/2017:19:21:24 +0000] \"GET /acolhidos?timestamp=1503343284836 HTTP/1.1\" 200 121\n","timestamp":"2017-08-21T19:21:24.841Z"}
{"level":"info","message":"::1 - - [21/Aug/2017:19:21:26 +0000] \"GET /doadores?timestamp=1503343286119 HTTP/1.1\" 200 112\n","timestamp":"2017-08-21T19:21:26.121Z"}
{"level":"info","message":"::1 - - [21/Aug/2017:19:21:30 +0000] \"GET /acolhidos?timestamp=1503343290431 HTTP/1.1\" 200 121\n","timestamp":"2017-08-21T19:21:30.433Z"}
{"level":"info","message":"::1 - - [21/Aug/2017:19:23:13 +0000] \"GET /acolhidos HTTP/1.1\" 200 121\n","timestamp":"2017-08-21T19:23:13.408Z"}
{"level":"info","message":"::1 - - [21/Aug/2017:19:23:30 +0000] \"GET /acolhidos/pia/1 HTTP/1.1\" 404 154\n","timestamp":"2017-08-21T19:23:30.228Z"}
{"level":"info","message":"::1 - - [21/Aug/2017:19:23:40 +0000] \"GET /acolhidos/pia HTTP/1.1\" 500 1726\n","timestamp":"2017-08-21T19:23:40.858Z"}
{"level":"info","message":"::1 - - [21/Aug/2017:19:24:29 +0000] \"GET /acolhidos/pia/1 HTTP/1.1\" 500 1726\n","timestamp":"2017-08-21T19:24:29.081Z"}
{"level":"info","message":"::1 - - [21/Aug/2017:19:24:45 +0000] \"GET /acolhidos?timestamp=1503343485903 HTTP/1.1\" 200 121\n","timestamp":"2017-08-21T19:24:45.922Z"}
{"level":"info","message":"::1 - - [21/Aug/2017:19:24:48 +0000] \"GET /acolhidos/pia/1?timestamp=1503343488348 HTTP/1.1\" 500 1726\n","timestamp":"2017-08-21T19:24:48.354Z"}
{"level":"info","message":"::1 - - [21/Aug/2017:19:25:12 +0000] \"GET /acolhidos/pia/1?timestamp=1503343512263 HTTP/1.1\" 404 154\n","timestamp":"2017-08-21T19:25:12.302Z"}
{"level":"info","message":"::1 - - [21/Aug/2017:19:25:16 +0000] \"GET /acolhidos?timestamp=1503343516426 HTTP/1.1\" 200 121\n","timestamp":"2017-08-21T19:25:16.441Z"}
{"level":"info","message":"::1 - - [21/Aug/2017:19:25:17 +0000] \"GET /acolhidos/pia/1?timestamp=1503343517845 HTTP/1.1\" 404 154\n","timestamp":"2017-08-21T19:25:17.851Z"}
{"level":"info","message":"::1 - - [21/Aug/2017:19:25:23 +0000] \"GET /acolhidos/pia/1 HTTP/1.1\" 404 154\n","timestamp":"2017-08-21T19:25:23.640Z"}
{"level":"info","message":"::1 - - [21/Aug/2017:19:25:30 +0000] \"GET /acolhidos/1 HTTP/1.1\" 500 1726\n","timestamp":"2017-08-21T19:25:30.355Z"}
{"level":"info","message":"::1 - - [21/Aug/2017:19:56:11 +0000] \"GET /acolhidos?timestamp=1503345371094 HTTP/1.1\" 200 121\n","timestamp":"2017-08-21T19:56:11.133Z"}
{"level":"info","message":"::1 - - [21/Aug/2017:19:56:12 +0000] \"GET /acolhidos/pia/1?timestamp=1503345372948 HTTP/1.1\" 404 154\n","timestamp":"2017-08-21T19:56:12.961Z"}
{"level":"info","message":"::1 - - [21/Aug/2017:19:57:26 +0000] \"GET /acolhidos/pia/1?timestamp=1503345446904 HTTP/1.1\" 500 1726\n","timestamp":"2017-08-21T19:57:26.956Z"}
{"level":"info","message":"::1 - - [21/Aug/2017:19:58:47 +0000] \"GET /acolhidos/pia/1?timestamp=1503345526998 HTTP/1.1\" 500 1726\n","timestamp":"2017-08-21T19:58:47.044Z"}
{"level":"info","message":"::1 - - [21/Aug/2017:19:58:52 +0000] \"GET /acolhidos?timestamp=1503345532686 HTTP/1.1\" 200 121\n","timestamp":"2017-08-21T19:58:52.720Z"}
{"level":"info","message":"::1 - - [21/Aug/2017:19:58:56 +0000] \"GET /acolhidos/pia/1?timestamp=1503345536582 HTTP/1.1\" 500 1726\n","timestamp":"2017-08-21T19:58:56.592Z"}
{"level":"info","message":"::1 - - [21/Aug/2017:20:04:54 +0000] \"GET /acolhidos?timestamp=1503345894783 HTTP/1.1\" 200 121\n","timestamp":"2017-08-21T20:04:54.827Z"}
{"level":"info","message":"::1 - - [21/Aug/2017:20:04:57 +0000] \"GET /acolhidos/pia/1?timestamp=1503345897526 HTTP/1.1\" 500 1726\n","timestamp":"2017-08-21T20:04:57.542Z"}
{"level":"info","message":"::1 - - [21/Aug/2017:20:12:43 +0000] \"GET /acolhidos/pia/1?timestamp=1503346363044 HTTP/1.1\" 404 303\n","timestamp":"2017-08-21T20:12:43.127Z"}
{"level":"info","message":"::1 - - [21/Aug/2017:20:13:15 +0000] \"GET /acolhidos?timestamp=1503346395844 HTTP/1.1\" 200 121\n","timestamp":"2017-08-21T20:13:15.886Z"}
{"level":"info","message":"::1 - - [21/Aug/2017:20:13:18 +0000] \"GET /acolhidos/pia/1?timestamp=1503346398768 HTTP/1.1\" 500 1734\n","timestamp":"2017-08-21T20:13:18.784Z"}
{"level":"info","message":"::1 - - [21/Aug/2017:20:14:06 +0000] \"GET /acolhidos/pia/1?timestamp=1503346446311 HTTP/1.1\" 404 246\n","timestamp":"2017-08-21T20:14:06.358Z"}
{"level":"info","message":"::1 - - [21/Aug/2017:20:15:03 +0000] \"GET /acolhidos/pia/1?timestamp=1503346503362 HTTP/1.1\" 200 1366\n","timestamp":"2017-08-21T20:15:03.409Z"}
{"level":"info","message":"::1 - - [21/Aug/2017:20:34:21 +0000] \"GET /acolhidos?timestamp=1503347661270 HTTP/1.1\" 200 121\n","timestamp":"2017-08-21T20:34:21.316Z"}
{"level":"info","message":"::1 - - [21/Aug/2017:20:34:25 +0000] \"GET /acolhidos/pia/1?timestamp=1503347665385 HTTP/1.1\" 200 119\n","timestamp":"2017-08-21T20:34:25.398Z"}
{"level":"info","message":"::1 - - [21/Aug/2017:20:38:49 +0000] \"GET /acolhidos?timestamp=1503347929222 HTTP/1.1\" 200 121\n","timestamp":"2017-08-21T20:38:49.262Z"}
{"level":"info","message":"::1 - - [21/Aug/2017:20:38:50 +0000] \"GET /acolhidos?timestamp=1503347930954 HTTP/1.1\" 200 121\n","timestamp":"2017-08-21T20:38:50.966Z"}
{"level":"info","message":"::1 - - [21/Aug/2017:20:39:49 +0000] \"GET /acolhidos?timestamp=1503347989206 HTTP/1.1\" 200 121\n","timestamp":"2017-08-21T20:39:49.245Z"}
{"level":"info","message":"::1 - - [21/Aug/2017:20:40:28 +0000] \"GET /acolhidos?timestamp=1503348028722 HTTP/1.1\" 200 121\n","timestamp":"2017-08-21T20:40:28.737Z"}
{"level":"info","message":"::1 - - [21/Aug/2017:20:41:43 +0000] \"GET /acolhidos/pia/1?timestamp=1503348030504 HTTP/1.1\" 200 119\n","timestamp":"2017-08-21T20:41:43.298Z"}
{"level":"info","message":"::1 - - [21/Aug/2017:20:41:44 +0000] \"GET /acolhidos/pia/1?timestamp=1503348104252 HTTP/1.1\" 200 119\n","timestamp":"2017-08-21T20:41:44.257Z"}
{"level":"info","message":"::1 - - [21/Aug/2017:20:41:59 +0000] \"GET /acolhidos/pia/1?timestamp=1503348119787 HTTP/1.1\" 200 -\n","timestamp":"2017-08-21T20:41:59.817Z"}
{"level":"info","message":"::1 - - [21/Aug/2017:20:42:00 +0000] \"GET /acolhidos/pia/1?timestamp=1503348120183 HTTP/1.1\" 200 -\n","timestamp":"2017-08-21T20:42:00.191Z"}
{"level":"info","message":"::1 - - [21/Aug/2017:20:57:54 +0000] \"GET /acolhidos/pia/1?timestamp=1503349074060 HTTP/1.1\" 200 -\n","timestamp":"2017-08-21T20:57:54.079Z"}
{"level":"info","message":"::1 - - [21/Aug/2017:20:58:51 +0000] \"GET /acolhidos/pia/1?timestamp=1503349131854 HTTP/1.1\" 200 -\n","timestamp":"2017-08-21T20:58:51.865Z"}
{"level":"info","message":"::1 - - [21/Aug/2017:20:59:24 +0000] \"GET /acolhidos/pia/1?timestamp=1503349164123 HTTP/1.1\" 200 -\n","timestamp":"2017-08-21T20:59:24.127Z"}
{"level":"info","message":"::1 - - [21/Aug/2017:21:00:43 +0000] \"GET /acolhidos?timestamp=1503349243447 HTTP/1.1\" 200 121\n","timestamp":"2017-08-21T21:00:43.483Z"}
{"level":"info","message":"::1 - - [21/Aug/2017:21:00:46 +0000] \"GET /acolhidos/pia/1?timestamp=1503349246505 HTTP/1.1\" 200 -\n","timestamp":"2017-08-21T21:00:46.513Z"}
{"level":"info","message":"::1 - - [21/Aug/2017:21:01:34 +0000] \"GET /acolhidos/pia/1?timestamp=1503349294482 HTTP/1.1\" 200 -\n","timestamp":"2017-08-21T21:01:34.504Z"}
{"level":"info","message":"::1 - - [21/Aug/2017:21:01:56 +0000] \"GET /acolhidos/pia/1?timestamp=1503349316738 HTTP/1.1\" 200 -\n","timestamp":"2017-08-21T21:01:56.743Z"}
{"level":"info","message":"::1 - - [21/Aug/2017:21:02:21 +0000] \"GET /acolhidos/pia/1?timestamp=1503349341252 HTTP/1.1\" 200 -\n","timestamp":"2017-08-21T21:02:21.259Z"}
{"level":"info","message":"::1 - - [21/Aug/2017:21:02:44 +0000] \"GET /acolhidos/pia/1?timestamp=1503349364786 HTTP/1.1\" 200 -\n","timestamp":"2017-08-21T21:02:44.790Z"}
{"level":"info","message":"::1 - - [21/Aug/2017:21:05:16 +0000] \"GET /acolhidos/pia/1?timestamp=1503349516391 HTTP/1.1\" 200 -\n","timestamp":"2017-08-21T21:05:16.396Z"}
{"level":"info","message":"::1 - - [21/Aug/2017:21:05:31 +0000] \"GET /acolhidos/pia/1?timestamp=1503349531704 HTTP/1.1\" 200 -\n","timestamp":"2017-08-21T21:05:31.709Z"}
{"level":"info","message":"::1 - - [21/Aug/2017:21:06:16 +0000] \"GET /acolhidos/pia/1?timestamp=1503349576957 HTTP/1.1\" 200 -\n","timestamp":"2017-08-21T21:06:16.962Z"}
{"level":"info","message":"::1 - - [21/Aug/2017:21:06:22 +0000] \"GET /acolhidos/pia/1?timestamp=1503349582759 HTTP/1.1\" 200 -\n","timestamp":"2017-08-21T21:06:22.763Z"}
{"level":"info","message":"::1 - - [21/Aug/2017:21:08:25 +0000] \"GET /acolhidos/pia/1?timestamp=1503349705277 HTTP/1.1\" 200 -\n","timestamp":"2017-08-21T21:08:25.284Z"}
{"level":"info","message":"::1 - - [21/Aug/2017:21:09:55 +0000] \"GET /acolhidos/pia/1?timestamp=1503349795790 HTTP/1.1\" 200 -\n","timestamp":"2017-08-21T21:09:55.793Z"}
{"level":"info","message":"::1 - - [21/Aug/2017:21:10:22 +0000] \"GET /acolhidos/pia/1?timestamp=1503349822011 HTTP/1.1\" 200 -\n","timestamp":"2017-08-21T21:10:22.016Z"}
{"level":"info","message":"::1 - - [21/Aug/2017:21:56:45 +0000] \"GET /acolhidos/pia/1?timestamp=1503352605091 HTTP/1.1\" 200 -\n","timestamp":"2017-08-21T21:56:45.113Z"}
{"level":"info","message":"::1 - - [21/Aug/2017:21:58:01 +0000] \"GET /acolhidos/pia/1?timestamp=1503352681853 HTTP/1.1\" 200 -\n","timestamp":"2017-08-21T21:58:01.863Z"}
{"level":"info","message":"::1 - - [21/Aug/2017:21:59:24 +0000] \"GET /acolhidos/pia/1?timestamp=1503352764127 HTTP/1.1\" 200 -\n","timestamp":"2017-08-21T21:59:24.130Z"}
{"level":"info","message":"::1 - - [21/Aug/2017:21:59:48 +0000] \"GET /acolhidos/pia/1?timestamp=1503352788488 HTTP/1.1\" 200 -\n","timestamp":"2017-08-21T21:59:48.499Z"}
{"level":"info","message":"::1 - - [21/Aug/2017:22:01:28 +0000] \"GET /acolhidos/pia/1?timestamp=1503352888772 HTTP/1.1\" 200 -\n","timestamp":"2017-08-21T22:01:28.777Z"}
{"level":"info","message":"::1 - - [21/Aug/2017:22:02:02 +0000] \"GET /acolhidos/pia/1?timestamp=1503352922192 HTTP/1.1\" 200 -\n","timestamp":"2017-08-21T22:02:02.196Z"}
{"level":"info","message":"::1 - - [21/Aug/2017:22:04:20 +0000] \"GET /acolhidos/pia/1?timestamp=1503353060796 HTTP/1.1\" 200 -\n","timestamp":"2017-08-21T22:04:20.800Z"}
{"level":"info","message":"::1 - - [21/Aug/2017:22:04:51 +0000] \"GET /acolhidos/pia/1?timestamp=1503353091342 HTTP/1.1\" 200 -\n","timestamp":"2017-08-21T22:04:51.345Z"}
{"level":"info","message":"::1 - - [21/Aug/2017:22:05:01 +0000] \"GET /acolhidos/pia/1?timestamp=1503353101548 HTTP/1.1\" 200 -\n","timestamp":"2017-08-21T22:05:01.554Z"}
{"level":"info","message":"::1 - - [21/Aug/2017:22:05:33 +0000] \"GET /acolhidos/pia/1?timestamp=1503353133903 HTTP/1.1\" 200 -\n","timestamp":"2017-08-21T22:05:33.907Z"}
{"level":"info","message":"::1 - - [21/Aug/2017:22:06:06 +0000] \"GET /acolhidos/pia/1?timestamp=1503353166117 HTTP/1.1\" 200 -\n","timestamp":"2017-08-21T22:06:06.129Z"}
{"level":"info","message":"::1 - - [21/Aug/2017:22:06:26 +0000] \"GET /acolhidos/pia/1?timestamp=1503353186410 HTTP/1.1\" 200 -\n","timestamp":"2017-08-21T22:06:26.415Z"}
{"level":"info","message":"::1 - - [21/Aug/2017:22:06:48 +0000] \"GET /acolhidos/pia/1?timestamp=1503353208655 HTTP/1.1\" 200 -\n","timestamp":"2017-08-21T22:06:48.659Z"}
{"level":"info","message":"::1 - - [21/Aug/2017:22:12:37 +0000] \"GET /acolhidos/pia/1?timestamp=1503353557372 HTTP/1.1\" 200 -\n","timestamp":"2017-08-21T22:12:37.374Z"}
{"level":"info","message":"::1 - - [21/Aug/2017:22:14:42 +0000] \"GET /acolhidos/pia/1?timestamp=1503353682953 HTTP/1.1\" 200 -\n","timestamp":"2017-08-21T22:14:42.959Z"}
{"level":"info","message":"::1 - - [21/Aug/2017:22:20:31 +0000] \"GET /acolhidos/pia/1?timestamp=1503354031902 HTTP/1.1\" 200 -\n","timestamp":"2017-08-21T22:20:31.907Z"}
{"level":"info","message":"::1 - - [21/Aug/2017:22:21:50 +0000] \"GET /acolhidos/pia/1?timestamp=1503354110475 HTTP/1.1\" 200 -\n","timestamp":"2017-08-21T22:21:50.479Z"}
{"level":"info","message":"::1 - - [21/Aug/2017:23:28:13 +0000] \"GET /acolhidos/pia/1?timestamp=1503358093719 HTTP/1.1\" 200 -\n","timestamp":"2017-08-21T23:28:13.723Z"}
{"level":"info","message":"::1 - - [21/Aug/2017:23:28:59 +0000] \"GET /acolhidos/pia/1?timestamp=1503358139979 HTTP/1.1\" 200 -\n","timestamp":"2017-08-21T23:28:59.983Z"}
{"level":"info","message":"::1 - - [21/Aug/2017:23:31:06 +0000] \"GET /acolhidos/pia/1?timestamp=1503358266170 HTTP/1.1\" 200 -\n","timestamp":"2017-08-21T23:31:06.177Z"}
{"level":"info","message":"::1 - - [21/Aug/2017:23:31:36 +0000] \"GET /acolhidos/pia/1?timestamp=1503358296461 HTTP/1.1\" 200 -\n","timestamp":"2017-08-21T23:31:36.470Z"}
{"level":"info","message":"::1 - - [21/Aug/2017:23:54:01 +0000] \"GET /acolhidos/pia/1?timestamp=1503359641289 HTTP/1.1\" 200 -\n","timestamp":"2017-08-21T23:54:01.292Z"}
{"level":"info","message":"::1 - - [21/Aug/2017:23:55:23 +0000] \"GET /acolhidos/pia/1?timestamp=1503359723261 HTTP/1.1\" 200 -\n","timestamp":"2017-08-21T23:55:23.264Z"}
{"level":"info","message":"::1 - - [21/Aug/2017:23:56:48 +0000] \"GET /acolhidos/pia/1?timestamp=1503359808680 HTTP/1.1\" 200 -\n","timestamp":"2017-08-21T23:56:48.681Z"}
{"level":"info","message":"::1 - - [22/Aug/2017:00:11:04 +0000] \"GET /acolhidos/pia/1?timestamp=1503360664762 HTTP/1.1\" 200 -\n","timestamp":"2017-08-22T00:11:04.780Z"}
{"level":"info","message":"::1 - - [22/Aug/2017:00:12:48 +0000] \"GET /acolhidos/pia/1?timestamp=1503360768764 HTTP/1.1\" 200 -\n","timestamp":"2017-08-22T00:12:48.770Z"}
{"level":"info","message":"::1 - - [22/Aug/2017:00:17:09 +0000] \"GET /acolhidos/pia/1?timestamp=1503361029469 HTTP/1.1\" 200 -\n","timestamp":"2017-08-22T00:17:09.475Z"}
{"level":"info","message":"::1 - - [22/Aug/2017:00:17:29 +0000] \"GET /acolhidos/pia/1?timestamp=1503361049729 HTTP/1.1\" 200 -\n","timestamp":"2017-08-22T00:17:29.734Z"}
{"level":"info","message":"::1 - - [22/Aug/2017:00:17:35 +0000] \"GET /acolhidos/pia/1?timestamp=1503361055845 HTTP/1.1\" 200 -\n","timestamp":"2017-08-22T00:17:35.855Z"}
{"level":"info","message":"::1 - - [22/Aug/2017:00:18:14 +0000] \"GET /acolhidos?timestamp=1503361094892 HTTP/1.1\" 200 121\n","timestamp":"2017-08-22T00:18:14.898Z"}
{"level":"info","message":"::1 - - [22/Aug/2017:00:18:20 +0000] \"GET /acolhidos/pia/1?timestamp=1503361100907 HTTP/1.1\" 200 -\n","timestamp":"2017-08-22T00:18:20.912Z"}
{"level":"info","message":"::1 - - [22/Aug/2017:00:19:38 +0000] \"GET /acolhidos/pia/1?timestamp=1503361178477 HTTP/1.1\" 200 -\n","timestamp":"2017-08-22T00:19:38.481Z"}
{"level":"info","message":"::1 - - [22/Aug/2017:00:20:01 +0000] \"GET /acolhidos?timestamp=1503361201190 HTTP/1.1\" 200 121\n","timestamp":"2017-08-22T00:20:01.196Z"}
{"level":"info","message":"::1 - - [22/Aug/2017:00:20:02 +0000] \"GET /acolhidos/pia/1?timestamp=1503361202306 HTTP/1.1\" 200 -\n","timestamp":"2017-08-22T00:20:02.308Z"}
{"level":"info","message":"::1 - - [22/Aug/2017:00:20:21 +0000] \"GET /acolhidos/pia/1?timestamp=1503361221397 HTTP/1.1\" 200 -\n","timestamp":"2017-08-22T00:20:21.398Z"}
{"level":"info","message":"::1 - - [22/Aug/2017:00:21:39 +0000] \"GET /acolhidos/pia/1?timestamp=1503361299258 HTTP/1.1\" 200 -\n","timestamp":"2017-08-22T00:21:39.265Z"}
{"level":"info","message":"::1 - - [22/Aug/2017:00:21:53 +0000] \"GET /uf?timestamp=1503361313898 HTTP/1.1\" 200 116\n","timestamp":"2017-08-22T00:21:53.903Z"}
{"level":"info","message":"::1 - - [22/Aug/2017:00:21:57 +0000] \"GET /acolhidos/pia/1?timestamp=1503361317909 HTTP/1.1\" 200 -\n","timestamp":"2017-08-22T00:21:57.913Z"}
{"level":"info","message":"::1 - - [22/Aug/2017:00:22:41 +0000] \"GET /acolhidos/pia/1?timestamp=1503361361717 HTTP/1.1\" 200 -\n","timestamp":"2017-08-22T00:22:41.719Z"}
{"level":"info","message":"::1 - - [22/Aug/2017:00:26:45 +0000] \"GET /acolhidos/pia/1?timestamp=1503361605103 HTTP/1.1\" 200 -\n","timestamp":"2017-08-22T00:26:45.114Z"}
{"level":"info","message":"::1 - - [22/Aug/2017:00:27:36 +0000] \"GET /acolhidos/pia/1?timestamp=1503361656763 HTTP/1.1\" 200 -\n","timestamp":"2017-08-22T00:27:36.768Z"}
{"level":"info","message":"::1 - - [22/Aug/2017:00:31:04 +0000] \"GET /acolhidos/pia/1?timestamp=1503361864054 HTTP/1.1\" 200 -\n","timestamp":"2017-08-22T00:31:04.059Z"}
{"level":"info","message":"::1 - - [22/Aug/2017:00:31:15 +0000] \"GET /acolhidos/pia/1?timestamp=1503361875156 HTTP/1.1\" 200 -\n","timestamp":"2017-08-22T00:31:15.163Z"}
{"level":"info","message":"::1 - - [22/Aug/2017:00:32:42 +0000] \"GET /uf?timestamp=1503361962389 HTTP/1.1\" 200 116\n","timestamp":"2017-08-22T00:32:42.423Z"}
{"level":"info","message":"::1 - - [22/Aug/2017:00:32:49 +0000] \"GET /acolhidos?timestamp=1503361969665 HTTP/1.1\" 200 121\n","timestamp":"2017-08-22T00:32:49.675Z"}
{"level":"info","message":"::1 - - [22/Aug/2017:00:32:51 +0000] \"GET /acolhidos/pia/1?timestamp=1503361971281 HTTP/1.1\" 200 119\n","timestamp":"2017-08-22T00:32:51.284Z"}
{"level":"info","message":"::1 - - [22/Aug/2017:22:10:03 +0000] \"GET /acolhidos?timestamp=1503439803424 HTTP/1.1\" 200 121\n","timestamp":"2017-08-22T22:10:03.462Z"}
{"level":"info","message":"::1 - - [22/Aug/2017:22:10:04 +0000] \"GET /acolhidos/pia/1?timestamp=1503439804407 HTTP/1.1\" 200 119\n","timestamp":"2017-08-22T22:10:04.417Z"}
{"level":"info","message":"::1 - - [22/Aug/2017:22:10:46 +0000] \"GET /acolhidos/pia/1?timestamp=1503439846348 HTTP/1.1\" 200 119\n","timestamp":"2017-08-22T22:10:46.371Z"}
{"level":"info","message":"::1 - - [22/Aug/2017:22:11:10 +0000] \"GET /acolhidos/pia/1?timestamp=1503439870412 HTTP/1.1\" 200 119\n","timestamp":"2017-08-22T22:11:10.441Z"}
{"level":"info","message":"::1 - - [22/Aug/2017:22:11:36 +0000] \"GET /acolhidos/pia/1?timestamp=1503439896635 HTTP/1.1\" 200 119\n","timestamp":"2017-08-22T22:11:36.641Z"}
{"level":"info","message":"::1 - - [22/Aug/2017:22:12:11 +0000] \"GET /acolhidos/pia/1?timestamp=1503439931760 HTTP/1.1\" 200 119\n","timestamp":"2017-08-22T22:12:11.763Z"}
{"level":"info","message":"::1 - - [22/Aug/2017:22:13:28 +0000] \"GET /acolhidos/pia/1?timestamp=1503440008681 HTTP/1.1\" 200 119\n","timestamp":"2017-08-22T22:13:28.686Z"}
{"level":"info","message":"::1 - - [22/Aug/2017:22:13:58 +0000] \"GET /acolhidos/pia/1?timestamp=1503440038686 HTTP/1.1\" 200 119\n","timestamp":"2017-08-22T22:13:58.688Z"}
{"level":"info","message":"::1 - - [22/Aug/2017:22:15:01 +0000] \"GET /acolhidos/pia/1?timestamp=1503440101837 HTTP/1.1\" 200 119\n","timestamp":"2017-08-22T22:15:01.841Z"}
{"level":"info","message":"::1 - - [22/Aug/2017:22:16:36 +0000] \"GET /acolhidos/pia/1?timestamp=1503440196912 HTTP/1.1\" 200 119\n","timestamp":"2017-08-22T22:16:36.917Z"}
{"level":"info","message":"::1 - - [22/Aug/2017:23:15:14 +0000] \"GET /acolhidos/pia/1?timestamp=1503443714920 HTTP/1.1\" 200 119\n","timestamp":"2017-08-22T23:15:14.929Z"}
{"level":"info","message":"::1 - - [22/Aug/2017:23:17:57 +0000] \"GET /acolhidos/pia/1?timestamp=1503443877181 HTTP/1.1\" 200 119\n","timestamp":"2017-08-22T23:17:57.188Z"}
{"level":"info","message":"::1 - - [23/Aug/2017:17:23:35 +0000] \"GET /acolhidos/pia/1?timestamp=1503509015774 HTTP/1.1\" 200 119\n","timestamp":"2017-08-23T17:23:35.817Z"}
{"level":"info","message":"::1 - - [23/Aug/2017:17:23:50 +0000] \"GET /acolhidos/pia/1?timestamp=1503509030134 HTTP/1.1\" 200 119\n","timestamp":"2017-08-23T17:23:50.157Z"}
{"level":"info","message":"::1 - - [23/Aug/2017:17:24:25 +0000] \"GET /acolhidos/pia/1?timestamp=1503509065820 HTTP/1.1\" 200 119\n","timestamp":"2017-08-23T17:24:25.845Z"}
{"level":"info","message":"::1 - - [23/Aug/2017:17:24:37 +0000] \"GET /acolhidos/pia/1?timestamp=1503509077975 HTTP/1.1\" 200 119\n","timestamp":"2017-08-23T17:24:37.980Z"}
{"level":"info","message":"::1 - - [23/Aug/2017:17:24:53 +0000] \"GET /acolhidos/pia/1?timestamp=1503509093170 HTTP/1.1\" 200 119\n","timestamp":"2017-08-23T17:24:53.173Z"}
{"level":"info","message":"::1 - - [23/Aug/2017:17:25:15 +0000] \"GET /acolhidos/pia/1?timestamp=1503509115532 HTTP/1.1\" 200 119\n","timestamp":"2017-08-23T17:25:15.535Z"}
{"level":"info","message":"::1 - - [23/Aug/2017:17:25:29 +0000] \"GET /acolhidos/pia/1?timestamp=1503509129055 HTTP/1.1\" 200 119\n","timestamp":"2017-08-23T17:25:29.058Z"}
{"level":"info","message":"::1 - - [23/Aug/2017:17:26:03 +0000] \"GET /acolhidos/pia/1?timestamp=1503509163242 HTTP/1.1\" 200 119\n","timestamp":"2017-08-23T17:26:03.246Z"}
{"level":"info","message":"::1 - - [23/Aug/2017:17:26:43 +0000] \"GET /acolhidos/pia/1?timestamp=1503509203771 HTTP/1.1\" 200 119\n","timestamp":"2017-08-23T17:26:43.774Z"}
{"level":"info","message":"::1 - - [23/Aug/2017:17:27:29 +0000] \"GET /acolhidos/pia/1?timestamp=1503509249587 HTTP/1.1\" 200 119\n","timestamp":"2017-08-23T17:27:29.589Z"}
{"level":"info","message":"::1 - - [23/Aug/2017:17:27:54 +0000] \"GET /acolhidos/pia/1?timestamp=1503509274930 HTTP/1.1\" 200 119\n","timestamp":"2017-08-23T17:27:54.934Z"}
{"level":"info","message":"::1 - - [23/Aug/2017:17:28:49 +0000] \"GET /acolhidos/pia/1?timestamp=1503509329971 HTTP/1.1\" 200 119\n","timestamp":"2017-08-23T17:28:49.973Z"}
{"level":"info","message":"::1 - - [23/Aug/2017:17:29:46 +0000] \"GET /acolhidos/pia/1?timestamp=1503509386474 HTTP/1.1\" 200 119\n","timestamp":"2017-08-23T17:29:46.480Z"}
{"level":"info","message":"::1 - - [23/Aug/2017:17:29:58 +0000] \"GET /acolhidos/pia/1?timestamp=1503509398496 HTTP/1.1\" 200 119\n","timestamp":"2017-08-23T17:29:58.502Z"}
{"level":"info","message":"::1 - - [23/Aug/2017:17:30:17 +0000] \"GET /acolhidos/pia/1?timestamp=1503509417831 HTTP/1.1\" 200 119\n","timestamp":"2017-08-23T17:30:17.834Z"}
{"level":"info","message":"::1 - - [23/Aug/2017:17:30:58 +0000] \"GET /acolhidos/pia/1?timestamp=1503509458750 HTTP/1.1\" 200 119\n","timestamp":"2017-08-23T17:30:58.752Z"}
{"level":"info","message":"::1 - - [23/Aug/2017:17:31:55 +0000] \"GET /acolhidos/pia/1?timestamp=1503509515014 HTTP/1.1\" 200 119\n","timestamp":"2017-08-23T17:31:55.018Z"}
{"level":"info","message":"::1 - - [23/Aug/2017:17:31:58 +0000] \"GET /acolhidos/pia/1?timestamp=1503509518505 HTTP/1.1\" 200 119\n","timestamp":"2017-08-23T17:31:58.509Z"}
{"level":"info","message":"::1 - - [23/Aug/2017:17:32:12 +0000] \"GET /acolhidos/pia/1?timestamp=1503509532041 HTTP/1.1\" 200 119\n","timestamp":"2017-08-23T17:32:12.045Z"}
{"level":"info","message":"::1 - - [23/Aug/2017:17:34:39 +0000] \"GET /acolhidos/pia/1?timestamp=1503509679409 HTTP/1.1\" 200 119\n","timestamp":"2017-08-23T17:34:39.415Z"}
{"level":"info","message":"::1 - - [23/Aug/2017:17:35:49 +0000] \"GET /acolhidos/pia/1?timestamp=1503509749646 HTTP/1.1\" 200 119\n","timestamp":"2017-08-23T17:35:49.649Z"}
{"level":"info","message":"::1 - - [23/Aug/2017:18:04:43 +0000] \"GET /acolhidos/pia/1?timestamp=1503511483686 HTTP/1.1\" 200 119\n","timestamp":"2017-08-23T18:04:43.692Z"}
{"level":"info","message":"::1 - - [23/Aug/2017:18:05:21 +0000] \"GET /acolhidos/pia/1?timestamp=1503511521549 HTTP/1.1\" 200 119\n","timestamp":"2017-08-23T18:05:21.554Z"}
{"level":"info","message":"::1 - - [23/Aug/2017:18:20:57 +0000] \"GET /acolhidos/pia/1?timestamp=1503512457123 HTTP/1.1\" 200 119\n","timestamp":"2017-08-23T18:20:57.134Z"}
{"level":"info","message":"::1 - - [23/Aug/2017:18:21:55 +0000] \"GET /acolhidos?timestamp=1503512515081 HTTP/1.1\" 200 121\n","timestamp":"2017-08-23T18:21:55.115Z"}
{"level":"info","message":"::1 - - [23/Aug/2017:18:21:56 +0000] \"GET /acolhidos/pia/1?timestamp=1503512516235 HTTP/1.1\" 200 119\n","timestamp":"2017-08-23T18:21:56.249Z"}
{"level":"info","message":"::1 - - [23/Aug/2017:18:22:20 +0000] \"GET /acolhidos/pia/1?timestamp=1503512540779 HTTP/1.1\" 200 119\n","timestamp":"2017-08-23T18:22:20.801Z"}
{"level":"info","message":"::1 - - [23/Aug/2017:18:22:48 +0000] \"GET /acolhidos?timestamp=1503512568784 HTTP/1.1\" 200 121\n","timestamp":"2017-08-23T18:22:48.794Z"}
{"level":"info","message":"::1 - - [23/Aug/2017:18:22:50 +0000] \"GET /acolhidos/pia/1?timestamp=1503512570361 HTTP/1.1\" 200 119\n","timestamp":"2017-08-23T18:22:50.365Z"}
{"level":"info","message":"::1 - - [23/Aug/2017:18:23:04 +0000] \"GET /acolhidos/pia/1?timestamp=1503512584471 HTTP/1.1\" 200 119\n","timestamp":"2017-08-23T18:23:04.477Z"}
{"level":"info","message":"::1 - - [23/Aug/2017:18:23:54 +0000] \"GET /acolhidos/pia/1?timestamp=1503512634921 HTTP/1.1\" 200 119\n","timestamp":"2017-08-23T18:23:54.925Z"}
{"level":"info","message":"::1 - - [23/Aug/2017:18:24:12 +0000] \"GET /acolhidos?timestamp=1503512652314 HTTP/1.1\" 200 121\n","timestamp":"2017-08-23T18:24:12.317Z"}
{"level":"info","message":"::1 - - [23/Aug/2017:18:24:13 +0000] \"GET /acolhidos/pia/1?timestamp=1503512653965 HTTP/1.1\" 200 119\n","timestamp":"2017-08-23T18:24:13.968Z"}
{"level":"info","message":"::1 - - [23/Aug/2017:18:24:50 +0000] \"GET /acolhidos/pia/1?timestamp=1503512690848 HTTP/1.1\" 200 119\n","timestamp":"2017-08-23T18:24:50.851Z"}
{"level":"info","message":"::1 - - [23/Aug/2017:18:25:12 +0000] \"GET /acolhidos/pia/1?timestamp=1503512712310 HTTP/1.1\" 200 119\n","timestamp":"2017-08-23T18:25:12.313Z"}
{"level":"info","message":"::1 - - [23/Aug/2017:18:32:57 +0000] \"GET /acolhidos/pia/1?timestamp=1503513177445 HTTP/1.1\" 200 119\n","timestamp":"2017-08-23T18:32:57.450Z"}
{"level":"info","message":"::1 - - [23/Aug/2017:18:33:28 +0000] \"GET /acolhidos/pia/1?timestamp=1503513208648 HTTP/1.1\" 200 119\n","timestamp":"2017-08-23T18:33:28.651Z"}
{"level":"info","message":"::1 - - [23/Aug/2017:18:33:41 +0000] \"GET /acolhidos?timestamp=1503513221533 HTTP/1.1\" 200 121\n","timestamp":"2017-08-23T18:33:41.536Z"}
{"level":"info","message":"::1 - - [23/Aug/2017:18:33:43 +0000] \"GET /acolhidos/pia/1?timestamp=1503513223147 HTTP/1.1\" 200 119\n","timestamp":"2017-08-23T18:33:43.149Z"}
{"level":"info","message":"::1 - - [23/Aug/2017:18:34:03 +0000] \"GET /acolhidos/pia/1?timestamp=1503513243251 HTTP/1.1\" 200 119\n","timestamp":"2017-08-23T18:34:03.253Z"}
{"level":"info","message":"::1 - - [23/Aug/2017:18:34:11 +0000] \"GET /acolhidos/pia/1?timestamp=1503513251764 HTTP/1.1\" 200 119\n","timestamp":"2017-08-23T18:34:11.768Z"}
{"level":"info","message":"::1 - - [23/Aug/2017:18:34:19 +0000] \"GET /acolhidos/pia/1?timestamp=1503513259614 HTTP/1.1\" 200 119\n","timestamp":"2017-08-23T18:34:19.624Z"}
{"level":"info","message":"::1 - - [23/Aug/2017:18:34:42 +0000] \"GET /acolhidos/pia/1?timestamp=1503513282274 HTTP/1.1\" 200 119\n","timestamp":"2017-08-23T18:34:42.278Z"}
{"level":"info","message":"::1 - - [23/Aug/2017:18:40:05 +0000] \"GET /acolhidos/pia/1?timestamp=1503513605241 HTTP/1.1\" 200 119\n","timestamp":"2017-08-23T18:40:05.256Z"}
{"level":"info","message":"::1 - - [23/Aug/2017:18:40:36 +0000] \"GET /acolhidos/pia/1?timestamp=1503513636974 HTTP/1.1\" 200 119\n","timestamp":"2017-08-23T18:40:36.977Z"}
{"level":"info","message":"::1 - - [23/Aug/2017:18:40:59 +0000] \"GET /acolhidos/pia/1?timestamp=1503513659546 HTTP/1.1\" 200 119\n","timestamp":"2017-08-23T18:40:59.553Z"}
{"level":"info","message":"::1 - - [23/Aug/2017:18:42:37 +0000] \"GET /acolhidos/pia/1?timestamp=1503513757768 HTTP/1.1\" 200 119\n","timestamp":"2017-08-23T18:42:37.781Z"}
{"level":"info","message":"::1 - - [23/Aug/2017:18:43:42 +0000] \"GET /acolhidos/pia/1?timestamp=1503513822067 HTTP/1.1\" 200 119\n","timestamp":"2017-08-23T18:43:42.070Z"}
{"level":"info","message":"::1 - - [23/Aug/2017:18:46:34 +0000] \"GET /acolhidos/pia/1?timestamp=1503513994450 HTTP/1.1\" 200 119\n","timestamp":"2017-08-23T18:46:34.458Z"}
{"level":"info","message":"::1 - - [23/Aug/2017:18:48:46 +0000] \"GET /acolhidos?timestamp=1503514126071 HTTP/1.1\" 200 121\n","timestamp":"2017-08-23T18:48:46.076Z"}
{"level":"info","message":"::1 - - [23/Aug/2017:18:48:47 +0000] \"GET /acolhidos/pia/1?timestamp=1503514127114 HTTP/1.1\" 200 119\n","timestamp":"2017-08-23T18:48:47.116Z"}
{"level":"info","message":"::1 - - [23/Aug/2017:18:49:31 +0000] \"GET /acolhidos/pia/1?timestamp=1503514171425 HTTP/1.1\" 200 119\n","timestamp":"2017-08-23T18:49:31.430Z"}
{"level":"info","message":"::1 - - [23/Aug/2017:18:49:45 +0000] \"GET /acolhidos/pia/1?timestamp=1503514185694 HTTP/1.1\" 200 119\n","timestamp":"2017-08-23T18:49:45.700Z"}
{"level":"info","message":"::1 - - [23/Aug/2017:18:49:52 +0000] \"GET /acolhidos/pia/1?timestamp=1503514192789 HTTP/1.1\" 200 119\n","timestamp":"2017-08-23T18:49:52.794Z"}
{"level":"info","message":"::1 - - [23/Aug/2017:19:16:32 +0000] \"GET /acolhidos/pia/1?timestamp=1503515792837 HTTP/1.1\" 200 119\n","timestamp":"2017-08-23T19:16:32.842Z"}
{"level":"info","message":"::1 - - [23/Aug/2017:19:17:26 +0000] \"GET /acolhidos/pia/1?timestamp=1503515846090 HTTP/1.1\" 200 119\n","timestamp":"2017-08-23T19:17:26.093Z"}
{"level":"info","message":"::1 - - [23/Aug/2017:19:27:10 +0000] \"GET /acolhidos/pia/1?timestamp=1503516430177 HTTP/1.1\" 200 119\n","timestamp":"2017-08-23T19:27:10.183Z"}
{"level":"info","message":"::1 - - [23/Aug/2017:19:38:44 +0000] \"GET /acolhidos/pia/1?timestamp=1503517124192 HTTP/1.1\" 200 119\n","timestamp":"2017-08-23T19:38:44.203Z"}
{"level":"info","message":"::1 - - [23/Aug/2017:19:39:30 +0000] \"GET /acolhidos/pia/1?timestamp=1503517170137 HTTP/1.1\" 200 119\n","timestamp":"2017-08-23T19:39:30.144Z"}
{"level":"info","message":"::1 - - [23/Aug/2017:19:44:00 +0000] \"GET /acolhidos/pia/1?timestamp=1503517440092 HTTP/1.1\" 200 119\n","timestamp":"2017-08-23T19:44:00.096Z"}
{"level":"info","message":"::1 - - [23/Aug/2017:19:48:40 +0000] \"GET /acolhidos/pia/1?timestamp=1503517720667 HTTP/1.1\" 200 119\n","timestamp":"2017-08-23T19:48:40.675Z"}
{"level":"info","message":"::1 - - [23/Aug/2017:19:49:24 +0000] \"GET /acolhidos/pia/1?timestamp=1503517764052 HTTP/1.1\" 200 119\n","timestamp":"2017-08-23T19:49:24.064Z"}
{"level":"info","message":"::1 - - [23/Aug/2017:19:50:31 +0000] \"GET /acolhidos/pia/1?timestamp=1503517831100 HTTP/1.1\" 200 119\n","timestamp":"2017-08-23T19:50:31.103Z"}
{"level":"info","message":"::1 - - [23/Aug/2017:19:53:10 +0000] \"GET /acolhidos/pia/1?timestamp=1503517990768 HTTP/1.1\" 200 119\n","timestamp":"2017-08-23T19:53:10.778Z"}
{"level":"info","message":"::1 - - [23/Aug/2017:19:54:59 +0000] \"GET /acolhidos/pia/1?timestamp=1503518099561 HTTP/1.1\" 200 119\n","timestamp":"2017-08-23T19:54:59.565Z"}
{"level":"info","message":"::1 - - [23/Aug/2017:19:55:22 +0000] \"GET /acolhidos/pia/1?timestamp=1503518122567 HTTP/1.1\" 200 119\n","timestamp":"2017-08-23T19:55:22.582Z"}
{"level":"info","message":"::1 - - [23/Aug/2017:19:55:41 +0000] \"GET /acolhidos/pia/1?timestamp=1503518141054 HTTP/1.1\" 200 119\n","timestamp":"2017-08-23T19:55:41.061Z"}
{"level":"info","message":"::1 - - [23/Aug/2017:19:55:51 +0000] \"GET /acolhidos/pia/1?timestamp=1503518151611 HTTP/1.1\" 200 119\n","timestamp":"2017-08-23T19:55:51.619Z"}
{"level":"info","message":"::1 - - [23/Aug/2017:19:56:01 +0000] \"GET /acolhidos/pia/1?timestamp=1503518161885 HTTP/1.1\" 200 119\n","timestamp":"2017-08-23T19:56:01.899Z"}
{"level":"info","message":"::1 - - [23/Aug/2017:19:56:15 +0000] \"GET /acolhidos/pia/1?timestamp=1503518175081 HTTP/1.1\" 200 119\n","timestamp":"2017-08-23T19:56:15.092Z"}
{"level":"info","message":"::1 - - [23/Aug/2017:19:56:25 +0000] \"GET /acolhidos/pia/1?timestamp=1503518184998 HTTP/1.1\" 200 119\n","timestamp":"2017-08-23T19:56:25.004Z"}
{"level":"info","message":"::1 - - [23/Aug/2017:19:56:32 +0000] \"GET /acolhidos/pia/1?timestamp=1503518192771 HTTP/1.1\" 200 119\n","timestamp":"2017-08-23T19:56:32.775Z"}
{"level":"info","message":"::1 - - [23/Aug/2017:19:56:41 +0000] \"GET /acolhidos/pia/1?timestamp=1503518201516 HTTP/1.1\" 200 119\n","timestamp":"2017-08-23T19:56:41.523Z"}
{"level":"info","message":"::1 - - [23/Aug/2017:19:57:15 +0000] \"GET /acolhidos/pia/1?timestamp=1503518235421 HTTP/1.1\" 200 119\n","timestamp":"2017-08-23T19:57:15.427Z"}
{"level":"info","message":"::1 - - [23/Aug/2017:19:57:29 +0000] \"GET /acolhidos/pia/1?timestamp=1503518249505 HTTP/1.1\" 200 119\n","timestamp":"2017-08-23T19:57:29.529Z"}
{"level":"info","message":"::1 - - [23/Aug/2017:19:58:16 +0000] \"GET /acolhidos/pia/1?timestamp=1503518296785 HTTP/1.1\" 200 119\n","timestamp":"2017-08-23T19:58:16.793Z"}
{"level":"info","message":"::1 - - [23/Aug/2017:19:59:57 +0000] \"GET /acolhidos/pia/1?timestamp=1503518397817 HTTP/1.1\" 200 119\n","timestamp":"2017-08-23T19:59:57.823Z"}
{"level":"info","message":"::1 - - [23/Aug/2017:20:00:40 +0000] \"GET /acolhidos/pia/1?timestamp=1503518440594 HTTP/1.1\" 200 119\n","timestamp":"2017-08-23T20:00:40.638Z"}
{"level":"info","message":"::1 - - [23/Aug/2017:20:01:37 +0000] \"GET /acolhidos?timestamp=1503518497766 HTTP/1.1\" 200 121\n","timestamp":"2017-08-23T20:01:37.809Z"}
{"level":"info","message":"::1 - - [23/Aug/2017:20:01:40 +0000] \"GET /acolhidos/pia/1?timestamp=1503518500850 HTTP/1.1\" 200 119\n","timestamp":"2017-08-23T20:01:40.858Z"}
{"level":"info","message":"::1 - - [23/Aug/2017:20:02:27 +0000] \"GET /acolhidos/pia/1?timestamp=1503518547075 HTTP/1.1\" 200 119\n","timestamp":"2017-08-23T20:02:27.097Z"}
{"level":"info","message":"::1 - - [23/Aug/2017:20:02:29 +0000] \"GET /acolhidos?timestamp=1503518549475 HTTP/1.1\" 200 121\n","timestamp":"2017-08-23T20:02:29.479Z"}
{"level":"info","message":"::1 - - [23/Aug/2017:20:02:31 +0000] \"GET /acolhidos/pia/1?timestamp=1503518551732 HTTP/1.1\" 200 119\n","timestamp":"2017-08-23T20:02:31.734Z"}
{"level":"info","message":"::1 - - [23/Aug/2017:20:03:48 +0000] \"GET /acolhidos?timestamp=1503518628242 HTTP/1.1\" 200 121\n","timestamp":"2017-08-23T20:03:48.252Z"}
{"level":"info","message":"::1 - - [23/Aug/2017:20:03:49 +0000] \"GET /acolhidos/pia/1?timestamp=1503518629297 HTTP/1.1\" 200 119\n","timestamp":"2017-08-23T20:03:49.300Z"}
{"level":"info","message":"::1 - - [23/Aug/2017:20:10:41 +0000] \"GET /acolhidos?timestamp=1503519041508 HTTP/1.1\" 200 121\n","timestamp":"2017-08-23T20:10:41.540Z"}
{"level":"info","message":"::1 - - [23/Aug/2017:20:10:43 +0000] \"GET /acolhidos/pia/1?timestamp=1503519043596 HTTP/1.1\" 200 119\n","timestamp":"2017-08-23T20:10:43.609Z"}
{"level":"info","message":"::1 - - [23/Aug/2017:20:19:27 +0000] \"GET /acolhidos/pia/1?timestamp=1503519567531 HTTP/1.1\" 200 119\n","timestamp":"2017-08-23T20:19:27.544Z"}
{"level":"info","message":"::1 - - [23/Aug/2017:20:21:29 +0000] \"GET /acolhidos/pia/1?timestamp=1503519689036 HTTP/1.1\" 200 119\n","timestamp":"2017-08-23T20:21:29.072Z"}
{"level":"info","message":"::1 - - [23/Aug/2017:20:21:58 +0000] \"GET /acolhidos/pia/1?timestamp=1503519718472 HTTP/1.1\" 200 119\n","timestamp":"2017-08-23T20:21:58.514Z"}
{"level":"info","message":"::1 - - [23/Aug/2017:20:23:21 +0000] \"GET /acolhidos?timestamp=1503519801889 HTTP/1.1\" 200 121\n","timestamp":"2017-08-23T20:23:21.911Z"}
{"level":"info","message":"::1 - - [23/Aug/2017:20:23:23 +0000] \"GET /acolhidos/pia/1?timestamp=1503519803272 HTTP/1.1\" 200 119\n","timestamp":"2017-08-23T20:23:23.277Z"}
{"level":"info","message":"::1 - - [23/Aug/2017:20:25:27 +0000] \"GET /acolhidos/pia/1?timestamp=1503519927381 HTTP/1.1\" 200 119\n","timestamp":"2017-08-23T20:25:27.391Z"}
{"level":"info","message":"::1 - - [23/Aug/2017:20:25:45 +0000] \"GET /acolhidos/pia/1?timestamp=1503519945693 HTTP/1.1\" 200 119\n","timestamp":"2017-08-23T20:25:45.699Z"}
{"level":"info","message":"::1 - - [23/Aug/2017:20:25:51 +0000] \"GET /acolhidos?timestamp=1503519951728 HTTP/1.1\" 200 121\n","timestamp":"2017-08-23T20:25:51.733Z"}
