{"level":"info","message":"::1 - - [25/May/2017:02:36:42 +0000] \"GET /cadastro/doador HTTP/1.1\" 200 3\n","timestamp":"2017-05-25T02:36:42.597Z"}
{"level":"info","message":"::1 - - [25/May/2017:02:36:42 +0000] \"GET /favicon.ico HTTP/1.1\" 404 150\n","timestamp":"2017-05-25T02:36:42.728Z"}
{"level":"info","message":"::1 - - [25/May/2017:04:36:23 +0000] \"GET /cadastro/doador HTTP/1.1\" 304 -\n","timestamp":"2017-05-25T04:36:23.718Z"}
{"level":"info","message":"::1 - - [25/May/2017:04:36:52 +0000] \"GET /cadastro/doador HTTP/1.1\" 500 1416\n","timestamp":"2017-05-25T04:36:52.624Z"}
{"level":"info","message":"::1 - - [25/May/2017:04:36:53 +0000] \"GET /cadastro/doador HTTP/1.1\" 500 1416\n","timestamp":"2017-05-25T04:36:53.703Z"}
{"level":"info","message":"::1 - - [25/May/2017:04:37:06 +0000] \"GET /cadastro/doador HTTP/1.1\" 200 10\n","timestamp":"2017-05-25T04:37:06.475Z"}
{"level":"info","message":"::1 - - [25/May/2017:04:37:07 +0000] \"GET /cadastro/doador HTTP/1.1\" 304 -\n","timestamp":"2017-05-25T04:37:07.286Z"}
{"level":"info","message":"::1 - - [25/May/2017:04:37:14 +0000] \"GET /cadastro/doador HTTP/1.1\" 200 12\n","timestamp":"2017-05-25T04:37:14.042Z"}
{"level":"info","message":"::1 - - [25/May/2017:04:37:21 +0000] \"GET /cadastro/doador HTTP/1.1\" 200 19\n","timestamp":"2017-05-25T04:37:21.645Z"}
{"level":"info","message":"::1 - - [25/May/2017:04:37:22 +0000] \"GET /cadastro/doador HTTP/1.1\" 304 -\n","timestamp":"2017-05-25T04:37:22.245Z"}
{"level":"info","message":"::1 - - [25/May/2017:04:37:59 +0000] \"GET /cadastro/doador HTTP/1.1\" 500 1145\n","timestamp":"2017-05-25T04:37:59.029Z"}
{"level":"info","message":"::1 - - [25/May/2017:04:38:34 +0000] \"GET /cadastro/doador HTTP/1.1\" 500 1451\n","timestamp":"2017-05-25T04:38:34.566Z"}
{"level":"info","message":"::1 - - [25/May/2017:04:38:41 +0000] \"GET / HTTP/1.1\" 404 139\n","timestamp":"2017-05-25T04:38:41.670Z"}
{"level":"info","message":"::1 - - [25/May/2017:04:42:44 +0000] \"GET / HTTP/1.1\" 404 139\n","timestamp":"2017-05-25T04:42:44.220Z"}
{"level":"info","message":"::1 - - [25/May/2017:04:42:47 +0000] \"GET /cadastro/doador HTTP/1.1\" 500 1145\n","timestamp":"2017-05-25T04:42:47.256Z"}
{"level":"info","message":"::1 - - [25/May/2017:04:43:36 +0000] \"GET /cadastro/doador HTTP/1.1\" 500 1145\n","timestamp":"2017-05-25T04:43:36.881Z"}
{"level":"info","message":"::1 - - [02/Jun/2017:21:04:39 +0000] \"GET /doador HTTP/1.1\" 404 145\n","timestamp":"2017-06-02T21:04:39.947Z"}
{"level":"info","message":"::1 - - [02/Jun/2017:21:04:40 +0000] \"GET /favicon.ico HTTP/1.1\" 404 150\n","timestamp":"2017-06-02T21:04:40.019Z"}
{"level":"info","message":"::1 - - [02/Jun/2017:21:04:40 +0000] \"GET /favicon.ico HTTP/1.1\" 404 150\n","timestamp":"2017-06-02T21:04:40.038Z"}
{"level":"info","message":"::1 - - [02/Jun/2017:21:04:41 +0000] \"GET /doador HTTP/1.1\" 404 145\n","timestamp":"2017-06-02T21:04:41.193Z"}
{"level":"info","message":"::1 - - [02/Jun/2017:21:04:41 +0000] \"GET /doador HTTP/1.1\" 404 145\n","timestamp":"2017-06-02T21:04:41.683Z"}
{"level":"info","message":"::1 - - [02/Jun/2017:21:04:50 +0000] \"GET /cadastro/doador HTTP/1.1\" 500 1155\n","timestamp":"2017-06-02T21:04:50.819Z"}
{"level":"info","message":"::1 - - [02/Jun/2017:21:05:22 +0000] \"GET /cadastro/doador HTTP/1.1\" 200 5481\n","timestamp":"2017-06-02T21:05:22.015Z"}
{"level":"info","message":"::1 - - [02/Jun/2017:21:05:22 +0000] \"GET /cadastro/src/js/jquery-2.0.3.min.js HTTP/1.1\" 404 174\n","timestamp":"2017-06-02T21:05:22.063Z"}
{"level":"info","message":"::1 - - [02/Jun/2017:21:05:22 +0000] \"GET /cadastro/src/bs/js/bootstrap.min.js HTTP/1.1\" 404 174\n","timestamp":"2017-06-02T21:05:22.069Z"}
{"level":"info","message":"::1 - - [02/Jun/2017:21:05:22 +0000] \"GET /cadastro/src/bs/css/bootstrap.min.css HTTP/1.1\" 404 176\n","timestamp":"2017-06-02T21:05:22.071Z"}
{"level":"info","message":"::1 - - [02/Jun/2017:21:05:22 +0000] \"GET /cadastro/src/jasny/css/jasny-bootstrap.min.css HTTP/1.1\" 404 185\n","timestamp":"2017-06-02T21:05:22.072Z"}
{"level":"info","message":"::1 - - [02/Jun/2017:21:05:22 +0000] \"GET /cadastro/src/css/style.css HTTP/1.1\" 404 165\n","timestamp":"2017-06-02T21:05:22.076Z"}
{"level":"info","message":"::1 - - [02/Jun/2017:21:05:22 +0000] \"GET /cadastro/src/js/menu.js HTTP/1.1\" 404 162\n","timestamp":"2017-06-02T21:05:22.077Z"}
{"level":"info","message":"::1 - - [02/Jun/2017:21:05:22 +0000] \"GET /cadastro/src/jasny/js/jasny-bootstrap.min.js HTTP/1.1\" 404 183\n","timestamp":"2017-06-02T21:05:22.078Z"}
{"level":"info","message":"::1 - - [02/Jun/2017:21:05:22 +0000] \"GET /cadastro/src/jasny/js/jasny-bootstrap.min.js HTTP/1.1\" 404 183\n","timestamp":"2017-06-02T21:05:22.115Z"}
{"level":"info","message":"::1 - - [02/Jun/2017:21:05:22 +0000] \"GET /cadastro/src/js/menu.js HTTP/1.1\" 404 162\n","timestamp":"2017-06-02T21:05:22.122Z"}
{"level":"info","message":"::1 - - [02/Jun/2017:21:07:50 +0000] \"GET / HTTP/1.1\" 302 56\n","timestamp":"2017-06-02T21:07:50.738Z"}
{"level":"info","message":"::1 - - [02/Jun/2017:21:07:50 +0000] \"GET /login HTTP/1.1\" 200 621\n","timestamp":"2017-06-02T21:07:50.780Z"}
{"level":"info","message":"::1 - - [02/Jun/2017:21:07:50 +0000] \"GET /src/bs/css/bootstrap.min.css HTTP/1.1\" 404 167\n","timestamp":"2017-06-02T21:07:50.817Z"}
{"level":"info","message":"::1 - - [02/Jun/2017:21:07:50 +0000] \"GET /src/css/login.css HTTP/1.1\" 404 156\n","timestamp":"2017-06-02T21:07:50.822Z"}
{"level":"info","message":"::1 - - [02/Jun/2017:21:07:50 +0000] \"GET /src/js/jquery-2.0.3.min.js HTTP/1.1\" 404 165\n","timestamp":"2017-06-02T21:07:50.823Z"}
